This is XeTeX, Version 3.14159265-2.6-0.999992 (TeX Live 2020/W32TeX) (preloaded format=xelatex 2020.5.4)  23 MAR 2021 10:05
entering extended mode
 restricted \write18 enabled.
 file:line:error style messages enabled.
 %&-line parsing enabled.
**main
(./main.tex
LaTeX2e <2020-02-02> patch level 5
L3 programming layer <2020-03-06> (./bnuthesis.cls
Document Class: bnuthesis 2018/05/17 5.4.5 Beijing Normal University Thesis Template
(e:/Program Files/texlive/2020/texmf-dist/tex/latex/kvoptions/kvoptions.sty
Package: kvoptions 2019/11/29 v3.13 Key value format for package options (HO)
 (e:/Program Files/texlive/2020/texmf-dist/tex/latex/graphics/keyval.sty
Package: keyval 2014/10/28 v1.15 key=value parser (DPC)
\KV@toks@=\toks15
) (e:/Program Files/texlive/2020/texmf-dist/tex/generic/ltxcmds/ltxcmds.sty
Package: ltxcmds 2019/12/15 v1.24 LaTeX kernel commands for general use (HO)
) (e:/Program Files/texlive/2020/texmf-dist/tex/generic/kvsetkeys/kvsetkeys.sty
Package: kvsetkeys 2019/12/15 v1.18 Key value parser (HO)
)) (e:/Program Files/texlive/2020/texmf-dist/tex/latex/ctex/ctexbook.cls (e:/Program Files/texlive/2020/texmf-dist/tex/latex/l3kernel/expl3.sty
Package: expl3 2020-03-06 L3 programming layer (loader) 
 (e:/Program Files/texlive/2020/texmf-dist/tex/latex/l3backend/l3backend-xdvipdfmx.def
File: l3backend-xdvipdfmx.def 2020-03-12 L3 backend support: xdvipdfmx
\g__graphics_track_int=\count163
\l__pdf_internal_box=\box45
\g__pdf_backend_object_int=\count164
\g__pdf_backend_annotation_int=\count165
))
Document Class: ctexbook 2019/05/29 v2.4.16 Chinese adapter for class book (CTEX)
(e:/Program Files/texlive/2020/texmf-dist/tex/latex/l3packages/xparse/xparse.sty
Package: xparse 2020-03-06 L3 Experimental document command parser
\l__xparse_current_arg_int=\count166
\g__xparse_grabber_int=\count167
\l__xparse_m_args_int=\count168
\l__xparse_v_nesting_int=\count169
) (e:/Program Files/texlive/2020/texmf-dist/tex/latex/l3packages/l3keys2e/l3keys2e.sty
Package: l3keys2e 2020-03-06 LaTeX2e option processing using LaTeX3 keys
) (e:/Program Files/texlive/2020/texmf-dist/tex/latex/ctex/ctexhook.sty
Package: ctexhook 2019/05/29 v2.4.16 Document and package hooks (CTEX)
) (e:/Program Files/texlive/2020/texmf-dist/tex/latex/ctex/ctexpatch.sty
Package: ctexpatch 2019/05/29 v2.4.16 Patching commands (CTEX)
) (e:/Program Files/texlive/2020/texmf-dist/tex/latex/base/fix-cm.sty
Package: fix-cm 2015/01/14 v1.1t fixes to LaTeX
 (e:/Program Files/texlive/2020/texmf-dist/tex/latex/base/ts1enc.def
File: ts1enc.def 2001/06/05 v3.0e (jk/car/fm) Standard LaTeX file
LaTeX Font Info:    Redeclaring font encoding TS1 on input line 47.
)) (e:/Program Files/texlive/2020/texmf-dist/tex/latex/ms/everysel.sty
Package: everysel 2011/10/28 v1.2 EverySelectfont Package (MS)
)
\l__ctex_tmp_int=\count170
\l__ctex_tmp_box=\box46
\l__ctex_tmp_dim=\dimen134
\g__ctex_section_depth_int=\count171
\g__ctex_font_size_int=\count172
 (e:/Program Files/texlive/2020/texmf-dist/tex/latex/ctex/config/ctexopts.cfg
File: ctexopts.cfg 2019/05/29 v2.4.16 Option configuration file (CTEX)
) (e:/Program Files/texlive/2020/texmf-dist/tex/latex/base/book.cls
Document Class: book 2019/12/20 v1.4l Standard LaTeX document class
(e:/Program Files/texlive/2020/texmf-dist/tex/latex/base/bk12.clo
File: bk12.clo 2019/12/20 v1.4l Standard LaTeX file (size option)
)
\c@part=\count173
\c@chapter=\count174
\c@section=\count175
\c@subsection=\count176
\c@subsubsection=\count177
\c@paragraph=\count178
\c@subparagraph=\count179
\c@figure=\count180
\c@table=\count181
\abovecaptionskip=\skip47
\belowcaptionskip=\skip48
\bibindent=\dimen135
) (e:/Program Files/texlive/2020/texmf-dist/tex/latex/ctex/engine/ctex-engine-xetex.def
File: ctex-engine-xetex.def 2019/05/29 v2.4.16 XeLaTeX adapter (CTEX)
 (e:/Program Files/texlive/2020/texmf-dist/tex/xelatex/xecjk/xeCJK.sty
Package: xeCJK 2020/02/18 v3.8.2 Typesetting CJK scripts with XeLaTeX
 (e:/Program Files/texlive/2020/texmf-dist/tex/latex/l3packages/xtemplate/xtemplate.sty
Package: xtemplate 2020-03-06 L3 Experimental prototype document functions
\l__xtemplate_tmp_dim=\dimen136
\l__xtemplate_tmp_int=\count182
\l__xtemplate_tmp_muskip=\muskip16
\l__xtemplate_tmp_skip=\skip49
)
\l__xeCJK_tmp_int=\count183
\l__xeCJK_tmp_box=\box47
\l__xeCJK_tmp_dim=\dimen137
\l__xeCJK_tmp_skip=\skip50
\g__xeCJK_space_factor_int=\count184
\l__xeCJK_begin_int=\count185
\l__xeCJK_end_int=\count186
\c__xeCJK_CJK_class_int=\XeTeXcharclass1
\c__xeCJK_FullLeft_class_int=\XeTeXcharclass2
\c__xeCJK_FullRight_class_int=\XeTeXcharclass3
\c__xeCJK_HalfLeft_class_int=\XeTeXcharclass4
\c__xeCJK_HalfRight_class_int=\XeTeXcharclass5
\c__xeCJK_NormalSpace_class_int=\XeTeXcharclass6
\c__xeCJK_CM_class_int=\XeTeXcharclass7
\c__xeCJK_HangulJamo_class_int=\XeTeXcharclass8
\l__xeCJK_last_skip=\skip51
\g__xeCJK_node_int=\count187
\c__xeCJK_CJK_node_dim=\dimen138
\c__xeCJK_CJK-space_node_dim=\dimen139
\c__xeCJK_default_node_dim=\dimen140
\c__xeCJK_default-space_node_dim=\dimen141
\c__xeCJK_CJK-widow_node_dim=\dimen142
\c__xeCJK_normalspace_node_dim=\dimen143
\l__xeCJK_ccglue_skip=\skip52
\l__xeCJK_ecglue_skip=\skip53
\l__xeCJK_punct_kern_skip=\skip54
\l__xeCJK_last_penalty_int=\count188
\l__xeCJK_last_bound_dim=\dimen144
\l__xeCJK_last_kern_dim=\dimen145
\l__xeCJK_widow_penalty_int=\count189

Package xtemplate Info: Declaring object type 'xeCJK/punctuation' taking 0
(xtemplate)             argument(s) on line 2302.

\l__xeCJK_fixed_punct_width_dim=\dimen146
\l__xeCJK_mixed_punct_width_dim=\dimen147
\l__xeCJK_middle_punct_width_dim=\dimen148
\l__xeCJK_fixed_margin_width_dim=\dimen149
\l__xeCJK_mixed_margin_width_dim=\dimen150
\l__xeCJK_middle_margin_width_dim=\dimen151
\l__xeCJK_bound_punct_width_dim=\dimen152
\l__xeCJK_bound_margin_width_dim=\dimen153
\l__xeCJK_margin_minimum_dim=\dimen154
\l__xeCJK_kerning_total_width_dim=\dimen155
\l__xeCJK_same_align_margin_dim=\dimen156
\l__xeCJK_different_align_margin_dim=\dimen157
\l__xeCJK_kerning_margin_width_dim=\dimen158
\l__xeCJK_kerning_margin_minimum_dim=\dimen159
\l__xeCJK_bound_dim=\dimen160
\l__xeCJK_reverse_bound_dim=\dimen161
\l__xeCJK_margin_dim=\dimen162
\l__xeCJK_minimum_bound_dim=\dimen163
\l__xeCJK_kerning_margin_dim=\dimen164
\g__xeCJK_family_int=\count190
\l__xeCJK_fam_int=\count191
\g__xeCJK_fam_allocation_int=\count192
\l__xeCJK_verb_case_int=\count193
\l__xeCJK_verb_exspace_skip=\skip55
 (e:/Program Files/texlive/2020/texmf-dist/tex/latex/fontspec/fontspec.sty
Package: fontspec 2020/02/21 v2.7i Font selection for XeLaTeX and LuaLaTeX
 (e:/Program Files/texlive/2020/texmf-dist/tex/latex/fontspec/fontspec-xetex.sty
Package: fontspec-xetex 2020/02/21 v2.7i Font selection for XeLaTeX and LuaLaTeX
\l__fontspec_script_int=\count194
\l__fontspec_language_int=\count195
\l__fontspec_strnum_int=\count196
\l__fontspec_tmp_int=\count197
\l__fontspec_tmpa_int=\count198
\l__fontspec_tmpb_int=\count199
\l__fontspec_tmpc_int=\count266
\l__fontspec_em_int=\count267
\l__fontspec_emdef_int=\count268
\l__fontspec_strong_int=\count269
\l__fontspec_strongdef_int=\count270
\l__fontspec_tmpa_dim=\dimen165
\l__fontspec_tmpb_dim=\dimen166
\l__fontspec_tmpc_dim=\dimen167
 (e:/Program Files/texlive/2020/texmf-dist/tex/latex/base/fontenc.sty
Package: fontenc 2020/02/11 v2.0o Standard LaTeX package
) (e:/Program Files/texlive/2020/texmf-dist/tex/latex/fontspec/fontspec.cfg))) (e:/Program Files/texlive/2020/texmf-dist/tex/xelatex/xecjk/xeCJK.cfg
File: xeCJK.cfg 2020/02/18 v3.8.2 Configuration file for xeCJK package
)) (e:/Program Files/texlive/2020/texmf-dist/tex/xelatex/xecjk/xeCJKfntef.sty
Package: xeCJKfntef 2020/02/18 v3.8.2 xeCJK font effect
 (e:/Program Files/texlive/2020/texmf-dist/tex/generic/ulem/ulem.sty
\UL@box=\box48
\UL@hyphenbox=\box49
\UL@skip=\skip56
\UL@hook=\toks16
\UL@height=\dimen168
\UL@pe=\count271
\UL@pixel=\dimen169
\ULC@box=\box50
Package: ulem 2019/11/18
\ULdepth=\dimen170
)
\l__xeCJK_space_skip=\skip57
\c__xeCJK_ulem-begin_node_dim=\dimen171
\c__xeCJK_null_box=\box51
\l__xeCJK_fntef_box=\box52
\l__xeCJK_under_symbol_box=\box53
\c__xeCJK_filll_skip=\skip58
)
\ccwd=\dimen172
\l__ctex_ccglue_skip=\skip59
)
\l__ctex_ziju_dim=\dimen173
 (e:/Program Files/texlive/2020/texmf-dist/tex/latex/zhnumber/zhnumber.sty
Package: zhnumber 2019/04/07 v2.7 Typesetting numbers with Chinese glyphs
\l__zhnum_scale_int=\count272
 (e:/Program Files/texlive/2020/texmf-dist/tex/latex/zhnumber/zhnumber-utf8.cfg
File: zhnumber-utf8.cfg 2019/04/07 v2.7 Chinese numerals with UTF8 encoding
))
\l__ctex_heading_skip=\skip60
 (e:/Program Files/texlive/2020/texmf-dist/tex/latex/ctex/scheme/ctex-scheme-plain-book.def
File: ctex-scheme-plain-book.def 2019/05/29 v2.4.16 Plain scheme for book (CTEX)
) (e:/Program Files/texlive/2020/texmf-dist/tex/latex/ctex/ctex-cs4size.clo
File: ctex-cs4size.clo 2019/05/29 v2.4.16 cs4size option (CTEX)
) (e:/Program Files/texlive/2020/texmf-dist/tex/latex/ctex/fontset/ctex-fontset-windows.def
File: ctex-fontset-windows.def 2019/05/29 v2.4.16 Windows fonts definition (CTEX)
 (e:/Program Files/texlive/2020/texmf-dist/tex/latex/ctex/fontset/ctex-fontset-windowsnew.def
File: ctex-fontset-windowsnew.def 2019/05/29 v2.4.16 Windows fonts definition for Vista or later version (CTEX)

Package fontspec Info: Could not resolve font "KaiTi/B" (it probably doesn't
(fontspec)             exist).


Package fontspec Info: Could not resolve font "SimHei/I" (it probably doesn't
(fontspec)             exist).


Package fontspec Info: Could not resolve font "SimSun/BI" (it probably doesn't
(fontspec)             exist).


Package fontspec Info: Font family 'SimSun(0)' created for font 'SimSun' with
(fontspec)             options
(fontspec)             [Script={CJK},BoldFont={SimHei},ItalicFont={KaiTi}].
(fontspec)              
(fontspec)              This font family consists of the following NFSS
(fontspec)             series/shapes:
(fontspec)              
(fontspec)             - 'normal' (m/n) with NFSS spec.:
(fontspec)             <->"SimSun/OT:script=hani;language=dflt;"
(fontspec)             - 'small caps'  (m/sc) with NFSS spec.: 
(fontspec)             - 'bold' (b/n) with NFSS spec.:
(fontspec)             <->"SimHei/OT:script=hani;language=dflt;"
(fontspec)             - 'bold small caps'  (b/sc) with NFSS spec.: 
(fontspec)             - 'italic' (m/it) with NFSS spec.:
(fontspec)             <->"KaiTi/OT:script=hani;language=dflt;"
(fontspec)             - 'italic small caps'  (m/scit) with NFSS spec.: 

))) (e:/Program Files/texlive/2020/texmf-dist/tex/latex/ctex/config/ctex.cfg
File: ctex.cfg 2019/05/29 v2.4.16 Configuration file (CTEX)
) (e:/Program Files/texlive/2020/texmf-dist/tex/latex/etoolbox/etoolbox.sty
Package: etoolbox 2019/09/21 v2.5h e-TeX tools for LaTeX (JAW)
\etb@tempcnta=\count273
) (e:/Program Files/texlive/2020/texmf-dist/tex/generic/iftex/ifxetex.sty
Package: ifxetex 2019/10/25 v0.7 ifxetex legacy package. Use iftex instead.
 (e:/Program Files/texlive/2020/texmf-dist/tex/generic/iftex/iftex.sty
Package: iftex 2020/03/06 v1.0d TeX engine tests
)) (e:/Program Files/texlive/2020/texmf-dist/tex/latex/amsmath/amsmath.sty
Package: amsmath 2020/01/20 v2.17e AMS math features
\@mathmargin=\skip61

For additional information on amsmath, use the `?' option.
(e:/Program Files/texlive/2020/texmf-dist/tex/latex/amsmath/amstext.sty
Package: amstext 2000/06/29 v2.01 AMS text
 (e:/Program Files/texlive/2020/texmf-dist/tex/latex/amsmath/amsgen.sty
File: amsgen.sty 1999/11/30 v2.0 generic functions
\@emptytoks=\toks17
\ex@=\dimen174
)) (e:/Program Files/texlive/2020/texmf-dist/tex/latex/amsmath/amsbsy.sty
Package: amsbsy 1999/11/29 v1.2d Bold Symbols
\pmbraise@=\dimen175
) (e:/Program Files/texlive/2020/texmf-dist/tex/latex/amsmath/amsopn.sty
Package: amsopn 2016/03/08 v2.02 operator names
)
\inf@bad=\count274
LaTeX Info: Redefining \frac on input line 227.
\uproot@=\count275
\leftroot@=\count276
LaTeX Info: Redefining \overline on input line 389.
\classnum@=\count277
\DOTSCASE@=\count278
LaTeX Info: Redefining \ldots on input line 486.
LaTeX Info: Redefining \dots on input line 489.
LaTeX Info: Redefining \cdots on input line 610.
\Mathstrutbox@=\box54
\strutbox@=\box55
\big@size=\dimen176
LaTeX Font Info:    Redeclaring font encoding OML on input line 733.
LaTeX Font Info:    Redeclaring font encoding OMS on input line 734.
\macc@depth=\count279
\c@MaxMatrixCols=\count280
\dotsspace@=\muskip17
\c@parentequation=\count281
\dspbrk@lvl=\count282
\tag@help=\toks18
\row@=\count283
\column@=\count284
\maxfields@=\count285
\andhelp@=\toks19
\eqnshift@=\dimen177
\alignsep@=\dimen178
\tagshift@=\dimen179
\tagwidth@=\dimen180
\totwidth@=\dimen181
\lineht@=\dimen182
\@envbody=\toks20
\multlinegap=\skip62
\multlinetaggap=\skip63
\mathdisplay@stack=\toks21
LaTeX Info: Redefining \[ on input line 2859.
LaTeX Info: Redefining \] on input line 2860.
) (e:/Program Files/texlive/2020/texmf-dist/tex/latex/newtx/newtxtext.sty
Package: newtxtext 2020/03/02 v1.625
 `newtxtext' v1.625, 2020/03/02 Text macros taking advantage of TeX-Gyre Termes fonts (msharpe) (e:/Program Files/texlive/2020/texmf-dist/tex/latex/fontaxes/fontaxes.sty
Package: fontaxes 2014/03/23 v1.0d Font selection axes
LaTeX Info: Redefining \upshape on input line 29.
LaTeX Info: Redefining \itshape on input line 31.
LaTeX Info: Redefining \slshape on input line 33.
LaTeX Info: Redefining \swshape on input line 35.
LaTeX Info: Redefining \scshape on input line 37.
LaTeX Info: Redefining \sscshape on input line 39.
LaTeX Info: Redefining \ulcshape on input line 41.
LaTeX Info: Redefining \textsw on input line 47.
LaTeX Info: Redefining \textssc on input line 48.
LaTeX Info: Redefining \textulc on input line 49.
)
\ntx@fs=\dimen183
 (e:/Program Files/texlive/2020/texmf-dist/tex/latex/xkeyval/xkeyval.sty
Package: xkeyval 2014/12/03 v2.7a package option processing (HA)
 (e:/Program Files/texlive/2020/texmf-dist/tex/generic/xkeyval/xkeyval.tex (e:/Program Files/texlive/2020/texmf-dist/tex/generic/xkeyval/xkvutils.tex
\XKV@toks=\toks22
\XKV@tempa@toks=\toks23
)
\XKV@depth=\count286
File: xkeyval.tex 2014/12/03 v2.7a key=value parser (HA)
)) (e:/Program Files/texlive/2020/texmf-dist/tex/latex/base/fontenc.sty
Package: fontenc 2020/02/11 v2.0o Standard LaTeX package
LaTeX Font Info:    Trying to load font information for T1+ntxtlf on input line 112.
 (e:/Program Files/texlive/2020/texmf-dist/tex/latex/newtx/t1ntxtlf.fd
File: t1ntxtlf.fd 2015/01/17 v1.0 font definition file for T1/ntx/tlf
)
LaTeX Font Info:    Font shape `T1/ntxtlf/m/n' will be
(Font)              scaled to size 12.045pt on input line 112.
) (e:/Program Files/texlive/2020/texmf-dist/tex/latex/base/textcomp.sty
Package: textcomp 2020/02/02 v2.0n Standard LaTeX package
LaTeX Font Info:    Changing ? sub-encoding to TS1/0 on input line 75.
)
\ntxt@cntz=\count287
LaTeX Font Info:    Redeclaring math symbol \mathsterling on input line 263.
) (e:/Program Files/texlive/2020/texmf-dist/tex/latex/newtx/newtxmath.sty
Package: newtxmath 2020/03/02 v1.625
 `newtxmath' v1.625, 2020/03/02 Math macros based originally on txfonts (msharpe) (e:/Program Files/texlive/2020/texmf-dist/tex/generic/iftex/ifluatex.sty
Package: ifluatex 2019/10/25 v1.5 ifluatex legacy package. Use iftex instead.
) (e:/Program Files/texlive/2020/texmf-dist/tex/latex/oberdiek/centernot.sty
Package: centernot 2016/05/16 v1.4 Centers the not symbol horizontally (HO)
)
\tx@cntz=\count288
 (e:/Program Files/texlive/2020/texmf-dist/tex/generic/kastrup/binhex.tex)
\tx@Isdigit=\count289
\tx@IsAlNum=\count290
\tx@tA=\toks24
\tx@tB=\toks25
\tx@su=\read2
LaTeX Font Info:    Redeclaring symbol font `operators' on input line 317.
LaTeX Font Info:    Overwriting symbol font `operators' in version `normal'
(Font)                  OT1/cmr/m/n --> OT1/ntxtlf/m/n on input line 317.
LaTeX Font Info:    Overwriting symbol font `operators' in version `bold'
(Font)                  OT1/cmr/bx/n --> OT1/ntxtlf/m/n on input line 317.
LaTeX Font Info:    Overwriting symbol font `operators' in version `bold'
(Font)                  OT1/ntxtlf/m/n --> OT1/ntxtlf/b/n on input line 318.
LaTeX Font Info:    Redeclaring math alphabet \mathsf on input line 326.
LaTeX Font Info:    Overwriting math alphabet `\mathsf' in version `normal'
(Font)                  OT1/cmss/m/n --> T1/qhv/m/n on input line 326.
LaTeX Font Info:    Overwriting math alphabet `\mathsf' in version `bold'
(Font)                  OT1/cmss/bx/n --> T1/qhv/m/n on input line 326.
LaTeX Font Info:    Redeclaring math alphabet \mathit on input line 327.
LaTeX Font Info:    Overwriting math alphabet `\mathit' in version `normal'
(Font)                  OT1/cmr/m/it --> OT1/ntxtlf/m/it on input line 327.
LaTeX Font Info:    Overwriting math alphabet `\mathit' in version `bold'
(Font)                  OT1/cmr/bx/it --> OT1/ntxtlf/m/it on input line 327.
LaTeX Font Info:    Redeclaring math alphabet \mathtt on input line 328.
LaTeX Font Info:    Overwriting math alphabet `\mathtt' in version `normal'
(Font)                  OT1/cmtt/m/n --> T1/ntxtt/m/n on input line 328.
LaTeX Font Info:    Overwriting math alphabet `\mathtt' in version `bold'
(Font)                  OT1/cmtt/m/n --> T1/ntxtt/m/n on input line 328.
LaTeX Font Info:    Redeclaring math alphabet \mathbf on input line 330.
LaTeX Font Info:    Overwriting math alphabet `\mathbf' in version `normal'
(Font)                  OT1/cmr/bx/n --> OT1/ntxtlf/b/n on input line 330.
LaTeX Font Info:    Overwriting math alphabet `\mathbf' in version `bold'
(Font)                  OT1/cmr/bx/n --> OT1/ntxtlf/b/n on input line 330.
LaTeX Font Info:    Overwriting math alphabet `\mathit' in version `bold'
(Font)                  OT1/ntxtlf/m/it --> OT1/ntxtlf/b/it on input line 331.
LaTeX Font Info:    Overwriting math alphabet `\mathsf' in version `bold'
(Font)                  T1/qhv/m/n --> T1/qhv/b/n on input line 332.
LaTeX Font Info:    Overwriting math alphabet `\mathtt' in version `bold'
(Font)                  T1/ntxtt/m/n --> T1/ntxtt/b/n on input line 333.
LaTeX Font Info:    Redeclaring symbol font `letters' on input line 422.
LaTeX Font Info:    Overwriting symbol font `letters' in version `normal'
(Font)                  OML/cmm/m/it --> OML/ntxmi/m/it on input line 422.
LaTeX Font Info:    Overwriting symbol font `letters' in version `bold'
(Font)                  OML/cmm/b/it --> OML/ntxmi/m/it on input line 422.
LaTeX Font Info:    Overwriting symbol font `letters' in version `bold'
(Font)                  OML/ntxmi/m/it --> OML/ntxmi/b/it on input line 423.
\symlettersA=\mathgroup4
LaTeX Font Info:    Overwriting symbol font `lettersA' in version `bold'
(Font)                  U/ntxmia/m/it --> U/ntxmia/b/it on input line 476.
LaTeX Font Info:    Redeclaring symbol font `symbols' on input line 497.
LaTeX Font Info:    Encoding `OMS' has changed to `LMS' for symbol font
(Font)              `symbols' in the math version `normal' on input line 497.
LaTeX Font Info:    Overwriting symbol font `symbols' in version `normal'
(Font)                  OMS/cmsy/m/n --> LMS/ntxsy/m/n on input line 497.
LaTeX Font Info:    Encoding `OMS' has changed to `LMS' for symbol font
(Font)              `symbols' in the math version `bold' on input line 497.
LaTeX Font Info:    Overwriting symbol font `symbols' in version `bold'
(Font)                  OMS/cmsy/b/n --> LMS/ntxsy/m/n on input line 497.
LaTeX Font Info:    Overwriting symbol font `symbols' in version `bold'
(Font)                  LMS/ntxsy/m/n --> LMS/ntxsy/b/n on input line 498.
\symAMSm=\mathgroup5
LaTeX Font Info:    Overwriting symbol font `AMSm' in version `bold'
(Font)                  U/ntxsym/m/n --> U/ntxsym/b/n on input line 521.
\symsymbolsC=\mathgroup6
LaTeX Font Info:    Overwriting symbol font `symbolsC' in version `bold'
(Font)                  U/ntxsyc/m/n --> U/ntxsyc/b/n on input line 542.
LaTeX Font Info:    Redeclaring symbol font `largesymbols' on input line 555.
LaTeX Font Info:    Encoding `OMX' has changed to `LMX' for symbol font
(Font)              `largesymbols' in the math version `normal' on input line 555.
LaTeX Font Info:    Overwriting symbol font `largesymbols' in version `normal'
(Font)                  OMX/cmex/m/n --> LMX/ntxexx/m/n on input line 555.
LaTeX Font Info:    Encoding `OMX' has changed to `LMX' for symbol font
(Font)              `largesymbols' in the math version `bold' on input line 555.
LaTeX Font Info:    Overwriting symbol font `largesymbols' in version `bold'
(Font)                  OMX/cmex/m/n --> LMX/ntxexx/m/n on input line 555.
LaTeX Font Info:    Overwriting symbol font `largesymbols' in version `bold'
(Font)                  LMX/ntxexx/m/n --> LMX/ntxexx/b/n on input line 556.
\symlargesymbolsTXA=\mathgroup7
LaTeX Font Info:    Overwriting symbol font `largesymbolsTXA' in version `bold'
(Font)                  U/ntxexa/m/n --> U/ntxexa/b/n on input line 570.
\tx@sbptoks=\toks26
LaTeX Font Info:    Redeclaring math delimiter \lfloor on input line 792.
LaTeX Font Info:    Redeclaring math delimiter \rfloor on input line 793.
LaTeX Font Info:    Redeclaring math delimiter \lceil on input line 794.
LaTeX Font Info:    Redeclaring math delimiter \rceil on input line 795.
LaTeX Font Info:    Redeclaring math delimiter \lbrace on input line 796.
LaTeX Font Info:    Redeclaring math delimiter \rbrace on input line 797.
LaTeX Font Info:    Redeclaring math delimiter \langle on input line 798.
LaTeX Font Info:    Redeclaring math delimiter \rangle on input line 800.
LaTeX Font Info:    Redeclaring math delimiter \arrowvert on input line 804.
LaTeX Font Info:    Redeclaring math delimiter \vert on input line 805.
LaTeX Font Info:    Redeclaring math symbol \hbar on input line 851.
LaTeX Font Info:    Redeclaring math accent \dot on input line 876.
LaTeX Font Info:    Redeclaring math accent \ddot on input line 877.
LaTeX Font Info:    Redeclaring math accent \vec on input line 1940.
\ntx@numstart=\count291
\ntx@UCstart=\count292
\ntx@lcstart=\count293
\ntx@tmpc=\count294
\ntx@imath=\count295
\ntx@jmath=\count296
LaTeX Info: Redefining \Bbbk on input line 2449.
LaTeX Info: Redefining \not on input line 2598.
) (e:/Program Files/texlive/2020/texmf-dist/tex/latex/psnfss/courier.sty
Package: courier 2005/04/12 PSNFSS-v9.2a (WaS) 
) (e:/Program Files/texlive/2020/texmf-dist/tex/latex/graphics/graphicx.sty
Package: graphicx 2019/11/30 v1.2a Enhanced LaTeX Graphics (DPC,SPQR)
 (e:/Program Files/texlive/2020/texmf-dist/tex/latex/graphics/graphics.sty
Package: graphics 2019/11/30 v1.4a Standard LaTeX Graphics (DPC,SPQR)
 (e:/Program Files/texlive/2020/texmf-dist/tex/latex/graphics/trig.sty
Package: trig 2016/01/03 v1.10 sin cos tan (DPC)
) (e:/Program Files/texlive/2020/texmf-dist/tex/latex/graphics-cfg/graphics.cfg
File: graphics.cfg 2016/06/04 v1.11 sample graphics configuration
)
Package graphics Info: Driver file: xetex.def on input line 105.
 (e:/Program Files/texlive/2020/texmf-dist/tex/latex/graphics-def/xetex.def
File: xetex.def 2017/06/24 v5.0h Graphics/color driver for xetex
))
\Gin@req@height=\dimen184
\Gin@req@width=\dimen185
) (e:/Program Files/texlive/2020/texmf-dist/tex/latex/caption/subcaption.sty
Package: subcaption 2020/01/22 v1.3d Sub-captions (AR)
 (e:/Program Files/texlive/2020/texmf-dist/tex/latex/caption/caption.sty
Package: caption 2020/01/03 v3.4h Customizing captions (AR)
 (e:/Program Files/texlive/2020/texmf-dist/tex/latex/caption/caption3.sty
Package: caption3 2020/01/03 v1.8h caption3 kernel (AR)
Package caption3 Info: TeX engine: e-TeX on input line 61.
\captionmargin=\dimen186
\captionmargin@=\dimen187
\captionwidth=\dimen188
\caption@tempdima=\dimen189
\caption@indent=\dimen190
\caption@parindent=\dimen191
\caption@hangindent=\dimen192
Package caption Info: Standard document class detected.
)
\c@caption@flags=\count297
\c@continuedfloat=\count298
)
\c@subfigure=\count299
\c@subtable=\count300
) (e:/Program Files/texlive/2020/texmf-dist/tex/latex/pdfpages/pdfpages.sty
Package: pdfpages 2020/01/28 v0.5q Insert pages of external PDF documents (AM)
 (e:/Program Files/texlive/2020/texmf-dist/tex/latex/base/ifthen.sty
Package: ifthen 2014/09/29 v1.1c Standard LaTeX ifthen package (DPC)
) (e:/Program Files/texlive/2020/texmf-dist/tex/latex/tools/calc.sty
Package: calc 2017/05/25 v4.3 Infix arithmetic (KKT,FJ)
\calc@Acount=\count301
\calc@Bcount=\count302
\calc@Adimen=\dimen193
\calc@Bdimen=\dimen194
\calc@Askip=\skip64
\calc@Bskip=\skip65
LaTeX Info: Redefining \setlength on input line 80.
LaTeX Info: Redefining \addtolength on input line 81.
\calc@Ccount=\count303
\calc@Cskip=\skip66
) (e:/Program Files/texlive/2020/texmf-dist/tex/latex/eso-pic/eso-pic.sty
Package: eso-pic 2018/04/12 v2.0h eso-pic (RN)
 (e:/Program Files/texlive/2020/texmf-dist/tex/generic/atbegshi/atbegshi.sty
Package: atbegshi 2019/12/05 v1.19 At begin shipout hook (HO)
 (e:/Program Files/texlive/2020/texmf-dist/tex/generic/infwarerr/infwarerr.sty
Package: infwarerr 2019/12/03 v1.5 Providing info/warning/error messages (HO)
)) (e:/Program Files/texlive/2020/texmf-dist/tex/latex/xcolor/xcolor.sty
Package: xcolor 2016/05/11 v2.12 LaTeX color extensions (UK)
 (e:/Program Files/texlive/2020/texmf-dist/tex/latex/graphics-cfg/color.cfg
File: color.cfg 2016/01/02 v1.6 sample color configuration
)
Package xcolor Info: Driver file: xetex.def on input line 225.
Package xcolor Info: Model `cmy' substituted by `cmy0' on input line 1348.
Package xcolor Info: Model `RGB' extended on input line 1364.
Package xcolor Info: Model `HTML' substituted by `rgb' on input line 1366.
Package xcolor Info: Model `Hsb' substituted by `hsb' on input line 1367.
Package xcolor Info: Model `tHsb' substituted by `hsb' on input line 1368.
Package xcolor Info: Model `HSB' substituted by `hsb' on input line 1369.
Package xcolor Info: Model `Gray' substituted by `gray' on input line 1370.
Package xcolor Info: Model `wave' substituted by `hsb' on input line 1371.
))
\AM@pagewidth=\dimen195
\AM@pageheight=\dimen196
 (e:/Program Files/texlive/2020/texmf-dist/tex/latex/pdfpages/ppxetex.def
File: ppxetex.def 2020/01/28 v0.5q Pdfpages driver for XeTeX (AM)
)
\AM@pagebox=\box56
\AM@global@opts=\toks27
\AM@pagecnt=\count304
\AM@toc@title=\toks28
\c@AM@survey=\count305
\AM@templatesizebox=\box57
) (e:/Program Files/texlive/2020/texmf-dist/tex/latex/enumitem/enumitem.sty
Package: enumitem 2019/06/20 v3.9 Customized lists
\labelindent=\skip67
\enit@outerparindent=\dimen197
\enit@toks=\toks29
\enit@inbox=\box58
\enit@count@id=\count306
\enitdp@description=\count307
) (e:/Program Files/texlive/2020/texmf-dist/tex/latex/environ/environ.sty
Package: environ 2014/05/04 v0.3 A new way to define environments
 (e:/Program Files/texlive/2020/texmf-dist/tex/latex/trimspaces/trimspaces.sty
Package: trimspaces 2009/09/17 v1.1 Trim spaces around a token list
)) (e:/Program Files/texlive/2020/texmf-dist/tex/latex/titlesec/titlesec.sty
Package: titlesec 2019/10/16 v2.13 Sectioning titles
\ttl@box=\box59
\beforetitleunit=\skip68
\aftertitleunit=\skip69
\ttl@plus=\dimen198
\ttl@minus=\dimen199
\ttl@toksa=\toks30
\titlewidth=\dimen256
\titlewidthlast=\dimen257
\titlewidthfirst=\dimen258
) (e:/Program Files/texlive/2020/texmf-dist/tex/latex/titlesec/titletoc.sty
Package: titletoc 2019/10/16 v2.13 TOC entries
\ttl@leftsep=\dimen259
) (e:/Program Files/texlive/2020/texmf-dist/tex/latex/footmisc/footmisc.sty
Package: footmisc 2011/06/06 v5.5b a miscellany of footnote facilities
\FN@temptoken=\toks31
\footnotemargin=\dimen260
\c@pp@next@reset=\count308
\c@@fnserial=\count309
Package footmisc Info: Declaring symbol style bringhurst on input line 855.
Package footmisc Info: Declaring symbol style chicago on input line 863.
Package footmisc Info: Declaring symbol style wiley on input line 872.
Package footmisc Info: Declaring symbol style lamport-robust on input line 883.
Package footmisc Info: Declaring symbol style lamport* on input line 903.
Package footmisc Info: Declaring symbol style lamport*-robust on input line 924.
) (e:/Program Files/texlive/2020/texmf-dist/tex/latex/ntheorem/ntheorem.sty
Style `ntheorem', Version 1.33 <2011/08/15>
Package: ntheorem 2011/08/15 1.33
\theorem@style=\toks32
\theorem@@style=\toks33
\theorembodyfont=\toks34
\theoremnumbering=\toks35
\theorempreskipamount=\skip70
\theorempostskipamount=\skip71
\theoremframepreskipamount=\skip72
\theoremframepostskipamount=\skip73
\theoreminframepreskipamount=\skip74
\theoreminframepostskipamount=\skip75
\theorem@preskip=\toks36
\theorem@postskip=\toks37
\theorem@framepreskip=\toks38
\theorem@framepostskip=\toks39
\theorem@inframepreskip=\toks40
\theorem@inframepostskip=\toks41
\theoremindent=\dimen261
\theorem@indent=\dimen262
\theoremrightindent=\dimen263
\theorem@rightindent=\dimen264
\theoremheaderfont=\toks42
\theoremseparator=\toks43
\theoremprework=\toks44
\theorempostwork=\toks45
\theoremsymbol=\toks46
\qedsymbol=\toks47
\theoremkeyword=\toks48
\qedsymbol=\toks49
\thm@topsep=\skip76
\thm@topsepadd=\skip77
Package ntheorem Info: Option `thmmarks' loaded on input line 1175.
\c@endNonectr=\count310
\c@currNonectr=\count311
\mysavskip=\skip78
Package ntheorem Info: option `amsmath' handling for `thmmarks' loaded on input line 1175.
\thm@amstmpdepth=\dimen265
\tagwidth=\dimen266
) (e:/Program Files/texlive/2020/texmf-dist/tex/latex/tools/array.sty
Package: array 2019/08/31 v2.4l Tabular extension package (FMi)
\col@sep=\dimen267
\ar@mcellbox=\box60
\extrarowheight=\dimen268
\NC@list=\toks50
\extratabsurround=\skip79
\backup@length=\skip80
\ar@cellbox=\box61
) (e:/Program Files/texlive/2020/texmf-dist/tex/latex/tools/longtable.sty
Package: longtable 2020/01/07 v4.13 Multi-page Table package (DPC)
\LTleft=\skip81
\LTright=\skip82
\LTpre=\skip83
\LTpost=\skip84
\LTchunksize=\count312
\LTcapwidth=\dimen269
\LT@head=\box62
\LT@firsthead=\box63
\LT@foot=\box64
\LT@lastfoot=\box65
\LT@cols=\count313
\LT@rows=\count314
\c@LT@tables=\count315
\c@LT@chunks=\count316
\LT@p@ftn=\toks51
) (e:/Program Files/texlive/2020/texmf-dist/tex/latex/booktabs/booktabs.sty
Package: booktabs 2020/01/12 v1.61803398 Publication quality tables
\heavyrulewidth=\dimen270
\lightrulewidth=\dimen271
\cmidrulewidth=\dimen272
\belowrulesep=\dimen273
\belowbottomsep=\dimen274
\aboverulesep=\dimen275
\abovetopsep=\dimen276
\cmidrulesep=\dimen277
\cmidrulekern=\dimen278
\defaultaddspace=\dimen279
\@cmidla=\count317
\@cmidlb=\count318
\@aboverulesep=\dimen280
\@belowrulesep=\dimen281
\@thisruleclass=\count319
\@lastruleclass=\count320
\@thisrulewidth=\dimen282
) (e:/Program Files/texlive/2020/texmf-dist/tex/latex/natbib/natbib.sty
Package: natbib 2010/09/13 8.31b (PWD, AO)
\bibhang=\skip85
\bibsep=\skip86
LaTeX Info: Redefining \cite on input line 694.
\c@NAT@ctr=\count321
) (e:/Program Files/texlive/2020/texmf-dist/tex/latex/hyperref/hyperref.sty
Package: hyperref 2020/01/14 v7.00d Hypertext links for LaTeX
 (e:/Program Files/texlive/2020/texmf-dist/tex/latex/pdftexcmds/pdftexcmds.sty
Package: pdftexcmds 2019/11/24 v0.31 Utility functions of pdfTeX for LuaTeX (HO)
Package pdftexcmds Info: \pdf@primitive is available.
Package pdftexcmds Info: \pdf@ifprimitive is available.
Package pdftexcmds Info: \pdfdraftmode not found.
) (e:/Program Files/texlive/2020/texmf-dist/tex/generic/kvdefinekeys/kvdefinekeys.sty
Package: kvdefinekeys 2019-12-19 v1.6 Define keys (HO)
) (e:/Program Files/texlive/2020/texmf-dist/tex/generic/pdfescape/pdfescape.sty
Package: pdfescape 2019/12/09 v1.15 Implements pdfTeX's escape features (HO)
) (e:/Program Files/texlive/2020/texmf-dist/tex/latex/hycolor/hycolor.sty
Package: hycolor 2020-01-27 v1.10 Color options for hyperref/bookmark (HO)
) (e:/Program Files/texlive/2020/texmf-dist/tex/latex/letltxmacro/letltxmacro.sty
Package: letltxmacro 2019/12/03 v1.6 Let assignment for LaTeX macros (HO)
) (e:/Program Files/texlive/2020/texmf-dist/tex/latex/auxhook/auxhook.sty
Package: auxhook 2019-12-17 v1.6 Hooks for auxiliary files (HO)
)
\@linkdim=\dimen283
\Hy@linkcounter=\count322
\Hy@pagecounter=\count323
 (e:/Program Files/texlive/2020/texmf-dist/tex/latex/hyperref/pd1enc.def
File: pd1enc.def 2020/01/14 v7.00d Hyperref: PDFDocEncoding definition (HO)
) (e:/Program Files/texlive/2020/texmf-dist/tex/generic/intcalc/intcalc.sty
Package: intcalc 2019/12/15 v1.3 Expandable calculations with integers (HO)
) (e:/Program Files/texlive/2020/texmf-dist/tex/generic/etexcmds/etexcmds.sty
Package: etexcmds 2019/12/15 v1.7 Avoid name clashes with e-TeX commands (HO)
)
\Hy@SavedSpaceFactor=\count324
Package hyperref Info: Option `unicode' set `true' on input line 4421.
 (e:/Program Files/texlive/2020/texmf-dist/tex/latex/hyperref/puenc.def
File: puenc.def 2020/01/14 v7.00d Hyperref: PDF Unicode definition (HO)
)
Package hyperref Info: Hyper figures OFF on input line 4547.
Package hyperref Info: Link nesting OFF on input line 4552.
Package hyperref Info: Hyper index ON on input line 4555.
Package hyperref Info: Plain pages OFF on input line 4562.
Package hyperref Info: Backreferencing OFF on input line 4567.
Package hyperref Info: Implicit mode ON; LaTeX internals redefined.
Package hyperref Info: Bookmarks ON on input line 4800.
\c@Hy@tempcnt=\count325
 (e:/Program Files/texlive/2020/texmf-dist/tex/latex/url/url.sty
\Urlmuskip=\muskip18
Package: url 2013/09/16  ver 3.4  Verb mode for urls, etc.
)
LaTeX Info: Redefining \url on input line 5159.
\XeTeXLinkMargin=\dimen284
 (e:/Program Files/texlive/2020/texmf-dist/tex/generic/bitset/bitset.sty
Package: bitset 2019/12/09 v1.3 Handle bit-vector datatype (HO)
 (e:/Program Files/texlive/2020/texmf-dist/tex/generic/bigintcalc/bigintcalc.sty
Package: bigintcalc 2019/12/15 v1.5 Expandable calculations on big integers (HO)
))
\Fld@menulength=\count326
\Field@Width=\dimen285
\Fld@charsize=\dimen286
Package hyperref Info: Hyper figures OFF on input line 6430.
Package hyperref Info: Link nesting OFF on input line 6435.
Package hyperref Info: Hyper index ON on input line 6438.
Package hyperref Info: backreferencing OFF on input line 6445.
Package hyperref Info: Link coloring OFF on input line 6450.
Package hyperref Info: Link coloring with OCG OFF on input line 6455.
Package hyperref Info: PDF/A mode OFF on input line 6460.
LaTeX Info: Redefining \ref on input line 6500.
LaTeX Info: Redefining \pageref on input line 6504.
\Hy@abspage=\count327
\c@Item=\count328
\c@Hfootnote=\count329
)
Package hyperref Info: Driver (autodetected): hxetex.
 (e:/Program Files/texlive/2020/texmf-dist/tex/latex/hyperref/hxetex.def
File: hxetex.def 2020/01/14 v7.00d Hyperref driver for XeTeX
 (e:/Program Files/texlive/2020/texmf-dist/tex/generic/stringenc/stringenc.sty
Package: stringenc 2019/11/29 v1.12 Convert strings between diff. encodings (HO)
)
\pdfm@box=\box66
\c@Hy@AnnotLevel=\count330
\HyField@AnnotCount=\count331
\Fld@listcount=\count332
\c@bookmark@seq@number=\count333
 (e:/Program Files/texlive/2020/texmf-dist/tex/latex/rerunfilecheck/rerunfilecheck.sty
Package: rerunfilecheck 2019/12/05 v1.9 Rerun checks for auxiliary files (HO)
 (e:/Program Files/texlive/2020/texmf-dist/tex/latex/atveryend/atveryend.sty
Package: atveryend 2019-12-11 v1.11 Hooks at the very end of document (HO)
) (e:/Program Files/texlive/2020/texmf-dist/tex/generic/uniquecounter/uniquecounter.sty
Package: uniquecounter 2019/12/15 v1.4 Provide unlimited unique counter (HO)
)
Package uniquecounter Info: New unique counter `rerunfilecheck' on input line 286.
)
\Hy@SectionHShift=\skip87
)
Package hyperref Info: Option `CJKbookmarks' set `true' on input line 128.
Package hyperref Info: Option `bookmarksnumbered' set `true' on input line 142.
Package hyperref Info: Option `bookmarksopen' set `true' on input line 142.
Package hyperref Info: Option `breaklinks' set `true' on input line 142.
Package hyperref Info: Option `colorlinks' set `false' on input line 142.
Package hyperref Info: Option `plainpages' set `false' on input line 142.
 (e:/Program Files/texlive/2020/texmf-dist/tex/latex/geometry/geometry.sty
Package: geometry 2020/01/02 v5.9 Page Geometry
 (e:/Program Files/texlive/2020/texmf-dist/tex/generic/iftex/ifvtex.sty
Package: ifvtex 2019/10/25 v1.7 ifvtex legacy package. Use iftex instead.
)
\Gm@cnth=\count334
\Gm@cntv=\count335
\c@Gm@tempcnt=\count336
\Gm@bindingoffset=\dimen287
\Gm@wd@mp=\dimen288
\Gm@odd@mp=\dimen289
\Gm@even@mp=\dimen290
\Gm@layoutwidth=\dimen291
\Gm@layoutheight=\dimen292
\Gm@layouthoffset=\dimen293
\Gm@layoutvoffset=\dimen294
\Gm@dimlist=\toks52
) (e:/Program Files/texlive/2020/texmf-dist/tex/latex/fancyhdr/fancyhdr.sty
Package: fancyhdr 2019/01/31 v3.10 Extensive control of page headers and footers
\f@nch@headwidth=\skip88
\f@nch@O@elh=\skip89
\f@nch@O@erh=\skip90
\f@nch@O@olh=\skip91
\f@nch@O@orh=\skip92
\f@nch@O@elf=\skip93
\f@nch@O@erf=\skip94
\f@nch@O@olf=\skip95
\f@nch@O@orf=\skip96
) (e:/Program Files/texlive/2020/texmf-dist/tex/latex/notoccite/notoccite.sty
Package: notoccite 2000/07/20
)

Package xeCJK Warning: Redefining CJKfamily `\CJKsfdefault' (Microsoft YaHei).

\c@bnu@bookmark=\count337
\bnu@title@width=\skip97
\bnu@kw=\box67
\enitdp@bnu@denotation=\count338
\c@translationbibi=\count339
\enitdp@translationbib=\count340
\c@publicationsi=\count341
\enitdp@publications=\count342
\c@achievementsi=\count343
\enitdp@achievements=\count344
) (./bnuthesis.cfg
File: bnuthesis.cfg 2018/05/17 5.4.5 Beijing Normal University Thesis Template
\c@currproofctr=\count345
\c@endproofctr=\count346
\c@proof=\count347
\c@currassumptionctr=\count348
\c@endassumptionctr=\count349
\c@assumption=\count350
\c@currdefinitionctr=\count351
\c@enddefinitionctr=\count352
\c@definition=\count353
\c@currpropositionctr=\count354
\c@endpropositionctr=\count355
\c@proposition=\count356
\c@currlemmactr=\count357
\c@endlemmactr=\count358
\c@lemma=\count359
\c@currtheoremctr=\count360
\c@endtheoremctr=\count361
\c@theorem=\count362
\c@curraxiomctr=\count363
\c@endaxiomctr=\count364
\c@axiom=\count365
\c@currcorollaryctr=\count366
\c@endcorollaryctr=\count367
\c@corollary=\count368
\c@currexercisectr=\count369
\c@endexercisectr=\count370
\c@exercise=\count371
\c@currexamplectr=\count372
\c@endexamplectr=\count373
\c@example=\count374
\c@currremarkctr=\count375
\c@endremarkctr=\count376
\c@remark=\count377
\c@currproblemctr=\count378
\c@endproblemctr=\count379
\c@problem=\count380
\c@currconjecturectr=\count381
\c@endconjecturectr=\count382
\c@conjecture=\count383
) (./bnuthesis.sty
Package: bnuthesis 2007/11/30 4.1 put any packages you would like to use here
 (e:/Program Files/texlive/2020/texmf-dist/tex/latex/tools/bm.sty
Package: bm 2019/07/24 v1.2d Bold Symbol Support (DPC/FMi)
\symboldoperators=\mathgroup8
\symboldletters=\mathgroup9
\symboldsymbols=\mathgroup10
\symboldlargesymbols=\mathgroup11
LaTeX Font Info:    Redeclaring math alphabet \mathbf on input line 141.
LaTeX Info: Redefining \bm on input line 209.
) (e:/Program Files/texlive/2020/texmf-dist/tex/latex/multirow/multirow.sty
Package: multirow 2019/05/31 v2.5 Span multiple rows of a table
\multirow@colwidth=\skip98
\multirow@cntb=\count384
\multirow@dima=\skip99
\bigstrutjot=\dimen295
) (e:/Program Files/texlive/2020/texmf-dist/tex/latex/tools/tabularx.sty
Package: tabularx 2020/01/15 v2.11c `tabularx' package (DPC)
\TX@col@width=\dimen296
\TX@old@table=\dimen297
\TX@old@col=\dimen298
\TX@target=\dimen299
\TX@delta=\dimen300
\TX@cols=\count385
\TX@ftn=\toks53
) (e:/Program Files/texlive/2020/texmf-dist/tex/latex/diagbox/diagbox.sty
Package: diagbox 2020/02/09 v2.3 Making table heads with diagonal lines
 (e:/Program Files/texlive/2020/texmf-dist/tex/latex/pict2e/pict2e.sty
Package: pict2e 2019/08/20 v0.3c Improved picture commands (HjG,RN,JT)
 (e:/Program Files/texlive/2020/texmf-dist/tex/latex/pict2e/pict2e.cfg
File: pict2e.cfg 2016/02/05 v0.1u pict2e configuration for teTeX/TeXLive
)
Package pict2e Info: Driver file: xetex.def on input line 119.
Package pict2e Info: Driver file for pict2e: p2e-xetex.def on input line 121.
 (e:/Program Files/texlive/2020/texmf-dist/tex/latex/pict2e/p2e-xetex.def
File: p2e-xetex.def 2016/02/05 v0.1u Driver-dependant file (RN,HjG,JT)
)
\pIIe@GRAPH=\toks54
\@arclen=\dimen301
\@arcrad=\dimen302
\@tempdimd=\dimen303
)
\diagbox@boxa=\box68
\diagbox@boxb=\box69
\diagbox@boxm=\box70
\diagbox@wd=\dimen304
\diagbox@ht=\dimen305
\diagbox@insepl=\dimen306
\diagbox@insepr=\dimen307
\diagbox@outsepl=\dimen308
\diagbox@outsepr=\dimen309
) (e:/Program Files/texlive/2020/texmf-dist/tex/latex/float/float.sty
Package: float 2001/11/08 v1.3d Float enhancements (AL)
\c@float@type=\count386
\float@exts=\toks55
\float@box=\box71
\@float@everytoks=\toks56
\@floatcapt=\box72
))

LaTeX Warning: Unused global option(s):
    [tocarialchapter].

(./main.aux (./data/chap01.aux) (./data/chap02.aux) (./data/chap03.aux) (./data/ack.aux))
\openout1 = `main.aux'.

LaTeX Font Info:    Checking defaults for OML/ntxmi/m/it on input line 19.
LaTeX Font Info:    Trying to load font information for OML+ntxmi on input line 19.
 (e:/Program Files/texlive/2020/texmf-dist/tex/latex/newtx/omlntxmi.fd
File: omlntxmi.fd 2015/08/25 Fontinst v1.933 font definitions for OML/ntxmi.
)
LaTeX Font Info:    ... okay on input line 19.
LaTeX Font Info:    Checking defaults for OMS/cmsy/m/n on input line 19.
LaTeX Font Info:    ... okay on input line 19.
LaTeX Font Info:    Checking defaults for OT1/cmr/m/n on input line 19.
LaTeX Font Info:    ... okay on input line 19.
LaTeX Font Info:    Checking defaults for T1/cmr/m/n on input line 19.
LaTeX Font Info:    ... okay on input line 19.
LaTeX Font Info:    Checking defaults for TS1/cmr/m/n on input line 19.
LaTeX Font Info:    ... okay on input line 19.
LaTeX Font Info:    Checking defaults for TU/lmr/m/n on input line 19.
LaTeX Font Info:    ... okay on input line 19.
LaTeX Font Info:    Checking defaults for OMX/cmex/m/n on input line 19.
LaTeX Font Info:    ... okay on input line 19.
LaTeX Font Info:    Checking defaults for U/ntxexa/m/n on input line 19.
LaTeX Font Info:    Trying to load font information for U+ntxexa on input line 19.
 (e:/Program Files/texlive/2020/texmf-dist/tex/latex/newtx/untxexa.fd
File: untxexa.fd 2012/04/16 Fontinst v1.933 font definitions for U/ntxexa.
)
LaTeX Font Info:    ... okay on input line 19.
LaTeX Font Info:    Checking defaults for LMS/ntxsy/m/n on input line 19.
LaTeX Font Info:    Trying to load font information for LMS+ntxsy on input line 19.
 (e:/Program Files/texlive/2020/texmf-dist/tex/latex/newtx/lmsntxsy.fd
File: lmsntxsy.fd 2016/07/02 Fontinst v1.933 font definitions for LMS/ntxsy.
)
LaTeX Font Info:    ... okay on input line 19.
LaTeX Font Info:    Checking defaults for LMX/ntxexx/m/n on input line 19.
LaTeX Font Info:    Trying to load font information for LMX+ntxexx on input line 19.
 (e:/Program Files/texlive/2020/texmf-dist/tex/latex/newtx/lmxntxexx.fd
File: lmxntxexx.fd 2016/07/03 Fontinst v1.933 font definitions for LMX/ntxexx.
)
LaTeX Font Info:    ... okay on input line 19.
LaTeX Font Info:    Checking defaults for PD1/pdf/m/n on input line 19.
LaTeX Font Info:    ... okay on input line 19.
LaTeX Font Info:    Checking defaults for PU/pdf/m/n on input line 19.
LaTeX Font Info:    ... okay on input line 19.
 ABD: EverySelectfont initializing macros
LaTeX Info: Redefining \selectfont on input line 19.
\c@mv@tabular=\count387
\c@mv@boldtabular=\count388
Package caption Info: Begin \AtBeginDocument code.
Package caption Info: float package is loaded.
Package caption Info: hyperref package is loaded.
Package caption Info: longtable package is loaded.
 (e:/Program Files/texlive/2020/texmf-dist/tex/latex/caption/ltcaption.sty
Package: ltcaption 2018/08/26 v1.4a longtable captions (AR)
)
Package caption Info: End \AtBeginDocument code.
\AtBeginShipoutBox=\box73
 (e:/Program Files/texlive/2020/texmf-dist/tex/latex/pdflscape/pdflscape.sty
Package: pdflscape 2019/12/05 v0.12 Display of landscape pages in PDF (HO)
 (e:/Program Files/texlive/2020/texmf-dist/tex/latex/graphics/lscape.sty
Package: lscape 2000/10/22 v3.01 Landscape Pages (DPC)
)
Package pdflscape Info: Auto-detected driver: dvipdfm (xetex) on input line 98.
)
Package hyperref Info: Link coloring OFF on input line 19.
 (e:/Program Files/texlive/2020/texmf-dist/tex/latex/hyperref/nameref.sty
Package: nameref 2019/09/16 v2.46 Cross-referencing by name of section
 (e:/Program Files/texlive/2020/texmf-dist/tex/latex/refcount/refcount.sty
Package: refcount 2019/12/15 v3.6 Data extraction from label references (HO)
) (e:/Program Files/texlive/2020/texmf-dist/tex/generic/gettitlestring/gettitlestring.sty
Package: gettitlestring 2019/12/15 v1.6 Cleanup title references (HO)
)
\c@section@level=\count389
)
LaTeX Info: Redefining \ref on input line 19.
LaTeX Info: Redefining \pageref on input line 19.
LaTeX Info: Redefining \nameref on input line 19.
 (./main.out) (./main.out)
\@outlinefile=\write3
\openout3 = `main.out'.


*geometry* driver: auto-detecting
*geometry* detected driver: xetex
*geometry* verbose mode - [ preamble ] result:
* driver: xetex
* paper: a4paper
* layout: <same size as paper>
* layoutoffset:(h,v)=(0.0pt,0.0pt)
* hratio: 1:1
* modes: twoside 
* h-part:(L,W,R)=(71.13188pt, 469.47049pt, 56.9055pt)
* v-part:(T,H,B)=(71.13188pt, 717.00946pt, 56.9055pt)
* \paperwidth=597.50787pt
* \paperheight=845.04684pt
* \textwidth=469.47049pt
* \textheight=717.00946pt
* \oddsidemargin=-1.1381pt
* \evensidemargin=-15.36449pt
* \topmargin=-29.59084pt
* \headheight=14.22636pt
* \headsep=14.22636pt
* \topskip=12.0pt
* \footskip=34.1433pt
* \marginparwidth=0.0pt
* \marginparsep=0.0pt
* \columnsep=10.0pt
* \skip\footins=10.8pt plus 4.0pt minus 2.0pt
* \hoffset=0.0pt
* \voffset=0.0pt
* \mag=1000
* \@twocolumnfalse
* \@twosidetrue
* \@mparswitchtrue
* \@reversemarginfalse
* (1in=72.27pt=25.4mm, 1cm=28.453pt)

(./data/cover.tex)
File: BNU.png Graphic file (type bmp)
<BNU.png>
LaTeX Font Info:    Font shape `T1/ntxtlf/m/n' will be
(Font)              scaled to size 36.135pt on input line 27.

Package fontspec Info: Could not resolve font "SimSun/BI" (it probably doesn't
(fontspec)             exist).


Package fontspec Info: Could not resolve font "SimSun/B" (it probably doesn't
(fontspec)             exist).


Package fontspec Info: Could not resolve font "SimSun/I" (it probably doesn't
(fontspec)             exist).


Package fontspec Info: Font family 'SimSun(1)' created for font 'SimSun' with
(fontspec)             options [Script={CJK}].
(fontspec)              
(fontspec)              This font family consists of the following NFSS
(fontspec)             series/shapes:
(fontspec)              
(fontspec)             - 'normal' (m/n) with NFSS spec.:
(fontspec)             <->"SimSun/OT:script=hani;language=dflt;"
(fontspec)             - 'small caps'  (m/sc) with NFSS spec.: 


Package fontspec Info: Could not resolve font "SimHei/BI" (it probably doesn't
(fontspec)             exist).


Package fontspec Info: Could not resolve font "SimHei/B" (it probably doesn't
(fontspec)             exist).


Package fontspec Info: Could not resolve font "SimHei/I" (it probably doesn't
(fontspec)             exist).


Package fontspec Info: Font family 'SimHei(0)' created for font 'SimHei' with
(fontspec)             options [Script={CJK}].
(fontspec)              
(fontspec)              This font family consists of the following NFSS
(fontspec)             series/shapes:
(fontspec)              
(fontspec)             - 'normal' (m/n) with NFSS spec.:
(fontspec)             <->"SimHei/OT:script=hani;language=dflt;"
(fontspec)             - 'small caps'  (m/sc) with NFSS spec.: 

LaTeX Font Info:    Font shape `T1/ntxtlf/m/n' will be
(Font)              scaled to size 16.06pt on input line 27.
LaTeX Font Info:    Font shape `T1/ntxtlf/b/n' will be
(Font)              scaled to size 16.06pt on input line 27.


LaTeX Font Warning: Font shape `TU/SimHei(0)/b/n' undefined
(Font)              using `TU/SimHei(0)/m/n' instead on input line 27.

LaTeX Font Info:    Font shape `T1/ntxtlf/m/n' will be
(Font)              scaled to size 26.09749pt on input line 27.
LaTeX Font Info:    Font shape `T1/ntxtlf/m/n' will be
(Font)              scaled to size 14.05249pt on input line 27.
LaTeX Font Info:    Trying to load font information for OT1+ntxtlf on input line 27.
(e:/Program Files/texlive/2020/texmf-dist/tex/latex/newtx/ot1ntxtlf.fd
File: ot1ntxtlf.fd 2015/01/17 v1.0 font definition file for OT1/ntx/tlf
)
LaTeX Font Info:    Font shape `OT1/ntxtlf/m/n' will be
(Font)              scaled to size 14.05249pt on input line 27.
LaTeX Font Info:    Font shape `OT1/ntxtlf/m/n' will be
(Font)              scaled to size 10.53937pt on input line 27.
LaTeX Font Info:    Font shape `OT1/ntxtlf/m/n' will be
(Font)              scaled to size 7.52812pt on input line 27.
LaTeX Font Info:    Trying to load font information for U+ntxmia on input line 27.
 (e:/Program Files/texlive/2020/texmf-dist/tex/latex/newtx/untxmia.fd
File: untxmia.fd 2018/04/14 Fontinst v1.933 font definitions for U/ntxmia.
)
LaTeX Font Info:    Trying to load font information for U+ntxsym on input line 27.
 (e:/Program Files/texlive/2020/texmf-dist/tex/latex/newtx/untxsym.fd
File: untxsym.fd 2015/03/20 Fontinst v1.933 font definitions for U/ntxsym.
)
LaTeX Font Info:    Trying to load font information for U+ntxsyc on input line 27.
 (e:/Program Files/texlive/2020/texmf-dist/tex/latex/newtx/untxsyc.fd
File: untxsyc.fd 2012/04/12 Fontinst v1.933 font definitions for U/ntxsyc.
)
LaTeX Font Info:    Font shape `OT1/ntxtlf/b/n' will be
(Font)              scaled to size 14.05249pt on input line 27.
LaTeX Font Info:    Font shape `OT1/ntxtlf/b/n' will be
(Font)              scaled to size 10.53937pt on input line 27.
LaTeX Font Info:    Font shape `OT1/ntxtlf/b/n' will be
(Font)              scaled to size 7.52812pt on input line 27.
 [1




]
Underfull \hbox (badness 10000) in paragraph at lines 27--27

 []

[2

]

Package hyperref Warning: Token not allowed in a PDF string (Unicode):
(hyperref)                removing `\vskip' on input line 27.


Package hyperref Warning: Token not allowed in a PDF string (Unicode):
(hyperref)                removing `\@ifnextchar' on input line 27.


Package hyperref Warning: Token not allowed in a PDF string (Unicode):
(hyperref)                removing `\sanhao' on input line 27.


Package hyperref Warning: Token not allowed in a PDF string (Unicode):
(hyperref)                removing `\\' on input line 27.


Package hyperref Warning: Token not allowed in a PDF string (Unicode):
(hyperref)                removing `\vskip' on input line 27.


Package hyperref Warning: Token not allowed in a PDF string (Unicode):
(hyperref)                removing `\@ifnextchar' on input line 27.


Package hyperref Warning: Token not allowed in a PDF string (Unicode):
(hyperref)                removing `\xiaosan' on input line 27.

LaTeX Font Info:    Font shape `T1/ntxtlf/b/n' will be
(Font)              scaled to size 12.045pt on input line 27.
LaTeX Font Info:    Font shape `T1/ntxtlf/b/n' will be
(Font)              scaled to size 15.05624pt on input line 27.
LaTeX Font Info:    Font shape `T1/ntxtlf/m/sc' will be
(Font)              scaled to size 14.05249pt on input line 27.
LaTeX Font Info:    Trying to load font information for TS1+ntxtlf on input line 27.
(e:/Program Files/texlive/2020/texmf-dist/tex/latex/newtx/ts1ntxtlf.fd
File: ts1ntxtlf.fd 2015/01/18 v1.0 fd file for TS1/ntxtlf
)
LaTeX Font Info:    Font shape `TS1/ntxtlf/m/n' will be
(Font)              scaled to size 14.05249pt on input line 27.
LaTeX Font Info:    Font shape `T1/ntxtlf/b/n' will be
(Font)              scaled to size 14.05249pt on input line 27.
LaTeX Font Info:    Font shape `T1/ntxtlf/m/n' will be
(Font)              scaled to size 9.03374pt on input line 27.
 [1



]

Package hyperref Warning: Token not allowed in a PDF string (Unicode):
(hyperref)                removing `\vskip' on input line 27.


Package hyperref Warning: Token not allowed in a PDF string (Unicode):
(hyperref)                removing `\@ifnextchar' on input line 27.


Package hyperref Warning: Token not allowed in a PDF string (Unicode):
(hyperref)                removing `\sanhao' on input line 27.


Package hyperref Warning: Token not allowed in a PDF string (Unicode):
(hyperref)                removing `\\' on input line 27.


Package hyperref Warning: Token not allowed in a PDF string (Unicode):
(hyperref)                removing `\vskip' on input line 27.


Package hyperref Warning: Token not allowed in a PDF string (Unicode):
(hyperref)                removing `\@ifnextchar' on input line 27.


Package hyperref Warning: Token not allowed in a PDF string (Unicode):
(hyperref)                removing `\xiaosan' on input line 27.

[2


] (./main.toc
LaTeX Font Info:    Font shape `T1/ntxtlf/m/n' will be
(Font)              scaled to size 15.05624pt on input line 2.
 [3


])
\tf@toc=\write4
\openout4 = `main.toc'.

 (./data/denotation.tex [4]
LaTeX Font Info:    Font shape `OT1/ntxtlf/m/n' will be
(Font)              scaled to size 12.045pt on input line 2.
LaTeX Font Info:    Font shape `OT1/ntxtlf/m/n' will be
(Font)              scaled to size 8.0pt on input line 2.
LaTeX Font Info:    Font shape `OT1/ntxtlf/m/n' will be
(Font)              scaled to size 6.0pt on input line 2.
LaTeX Font Info:    Font shape `OT1/ntxtlf/b/n' will be
(Font)              scaled to size 12.045pt on input line 2.
LaTeX Font Info:    Font shape `OT1/ntxtlf/b/n' will be
(Font)              scaled to size 8.0pt on input line 2.
LaTeX Font Info:    Font shape `OT1/ntxtlf/b/n' will be
(Font)              scaled to size 6.0pt on input line 2.
Missing character: There is no  in font ntx-Regular-tlf-ot1!
) [5


]
\openout2 = `data/chap01.aux'.

 (./data/chap01.tex
1
LaTeX Font Info:    Font shape `T1/ntxtlf/m/n' will be
(Font)              scaled to size 8.0pt on input line 5.
LaTeX Font Info:    Font shape `T1/ntxtlf/m/n' will be
(Font)              scaled to size 6.0pt on input line 5.
[1



]
LaTeX Font Info:    Font shape `T1/ntxtlf/m/it' will be
(Font)              scaled to size 12.045pt on input line 37.
 [2] [3]) [4]
\openout2 = `data/chap02.aux'.

 (./data/chap02.tex
2
LaTeX Font Info:    Trying to load font information for T1+qhv on input line 12.
(e:/Program Files/texlive/2020/texmf-dist/tex/latex/tex-gyre/t1qhv.fd
File: t1qhv.fd 2009/09/25 v1.2 font definition file for T1/qhv
)
LaTeX Font Info:    Font shape `T1/qhv/b/n' will be
(Font)              scaled to size 12.64714pt on input line 12.
LaTeX Font Info:    Font shape `T1/qhv/b/n' will be
(Font)              scaled to size 11.74377pt on input line 12.
Package hyperref Info: bookmark level for unknown equation defaults to 0 on input line 19.
 [5



] [6] [7]
File: figures/p2.1.pdf Graphic file (type pdf)
<use figures/p2.1.pdf>
LaTeX Font Info:    Font shape `T1/ntxtlf/m/n' will be
(Font)              scaled to size 11.04124pt on input line 148.
 [8] [9] [10] [11] [12] [13] [14]
LaTeX Font Info:    Font shape `TS1/ntxtlf/m/n' will be
(Font)              scaled to size 8.0pt on input line 416.
LaTeX Font Info:    Font shape `T1/ntxtlf/m/n' will be
(Font)              scaled to size 6.52437pt on input line 416.
LaTeX Font Info:    Font shape `TS1/ntxtlf/m/n' will be
(Font)              scaled to size 9.03374pt on input line 416.
LaTeX Font Info:    Font shape `OT1/ntxtlf/m/n' will be
(Font)              scaled to size 9.03374pt on input line 416.
LaTeX Font Info:    Font shape `OT1/ntxtlf/m/n' will be
(Font)              scaled to size 5.0pt on input line 416.
LaTeX Font Info:    Font shape `OT1/ntxtlf/b/n' will be
(Font)              scaled to size 9.03374pt on input line 416.
LaTeX Font Info:    Font shape `OT1/ntxtlf/b/n' will be
(Font)              scaled to size 5.0pt on input line 416.
Missing character: There is no  in font ntx-Regular-tlf-ot1!
Missing character: There is no  in font ntx-Regular-tlf-ot1!
Missing character: There is no  in font ntx-Regular-tlf-ot1!
Missing character: There is no  in font ntx-Regular-tlf-ot1!
Missing character: There is no  in font ntx-Regular-tlf-ot1!
Missing character: There is no  in font ntx-Regular-tlf-ot1!
Missing character: There is no  in font ntx-Regular-tlf-ot1!
 [15]) [16]
\openout2 = `data/chap03.aux'.

 (./data/chap03.tex
3
[17



] [18] [19] [20] (./figures/p3.1.pdf_tex
File: figures/p3.1.pdf Graphic file (type pdf)
<use figures/p3.1.pdf, page 1>
LaTeX Font Info:    Calculating math sizes for size <11.04124> on input line 57.
LaTeX Font Info:    Font shape `OT1/ntxtlf/m/n' will be
(Font)              scaled to size 11.04124pt on input line 57.
LaTeX Font Info:    Font shape `OT1/ntxtlf/m/n' will be
(Font)              scaled to size 8.06006pt on input line 57.
LaTeX Font Info:    Font shape `OT1/ntxtlf/m/n' will be
(Font)              scaled to size 6.07271pt on input line 57.
LaTeX Font Info:    Font shape `OT1/ntxtlf/b/n' will be
(Font)              scaled to size 11.04124pt on input line 57.
LaTeX Font Info:    Font shape `OT1/ntxtlf/b/n' will be
(Font)              scaled to size 8.06006pt on input line 57.
LaTeX Font Info:    Font shape `OT1/ntxtlf/b/n' will be
(Font)              scaled to size 6.07271pt on input line 57.
File: figures/p3.1.pdf Graphic file (type pdf)
<use figures/p3.1.pdf, page 2>
) [21] [22] [23] [24] [25]) [26] (./main.lof)
\tf@lof=\write5
\openout5 = `main.lof'.

 [27




] (./main.lot)
\tf@lot=\write6
\openout6 = `main.lot'.

 [28


] (./main.loe
Overfull \hbox (2.13187pt too wide) detected at line 9
\TU/SimSun(0)/b/n/12.045   \T1/ntxtlf/m/n/12.045 2-9a 
 []


Overfull \hbox (2.80638pt too wide) detected at line 10
\TU/SimSun(0)/b/n/12.045   \T1/ntxtlf/m/n/12.045 2-9b 
 []


Overfull \hbox (2.80638pt too wide) detected at line 11
\TU/SimSun(0)/b/n/12.045   \T1/ntxtlf/m/n/12.045 2-10 
 []


Overfull \hbox (2.80638pt too wide) detected at line 12
\TU/SimSun(0)/b/n/12.045   \T1/ntxtlf/m/n/12.045 2-11 
 []


Overfull \hbox (2.80638pt too wide) detected at line 13
\TU/SimSun(0)/b/n/12.045   \T1/ntxtlf/m/n/12.045 2-12 
 []


Overfull \hbox (8.15436pt too wide) detected at line 14
\TU/SimSun(0)/b/n/12.045   \T1/ntxtlf/m/n/12.045 2-13a 
 []


Overfull \hbox (8.82887pt too wide) detected at line 15
\TU/SimSun(0)/b/n/12.045   \T1/ntxtlf/m/n/12.045 2-13b 
 []


Overfull \hbox (2.80638pt too wide) detected at line 16
\TU/SimSun(0)/b/n/12.045   \T1/ntxtlf/m/n/12.045 2-14 
 []


Overfull \hbox (2.80638pt too wide) detected at line 17
\TU/SimSun(0)/b/n/12.045   \T1/ntxtlf/m/n/12.045 2-15 
 []


Overfull \hbox (2.80638pt too wide) detected at line 18
\TU/SimSun(0)/b/n/12.045   \T1/ntxtlf/m/n/12.045 2-16 
 []


Overfull \hbox (2.80638pt too wide) detected at line 19
\TU/SimSun(0)/b/n/12.045   \T1/ntxtlf/m/n/12.045 2-17 
 []


Overfull \hbox (2.80638pt too wide) detected at line 20
\TU/SimSun(0)/b/n/12.045   \T1/ntxtlf/m/n/12.045 2-18 
 []


Overfull \hbox (2.80638pt too wide) detected at line 21
\TU/SimSun(0)/b/n/12.045   \T1/ntxtlf/m/n/12.045 2-19 
 []


Overfull \hbox (2.80638pt too wide) detected at line 22
\TU/SimSun(0)/b/n/12.045   \T1/ntxtlf/m/n/12.045 2-20 
 []


Overfull \hbox (2.80638pt too wide) detected at line 23
\TU/SimSun(0)/b/n/12.045   \T1/ntxtlf/m/n/12.045 2-21 
 []


Overfull \hbox (2.80638pt too wide) detected at line 24
\TU/SimSun(0)/b/n/12.045   \T1/ntxtlf/m/n/12.045 2-22 
 []


Overfull \hbox (2.80638pt too wide) detected at line 25
\TU/SimSun(0)/b/n/12.045   \T1/ntxtlf/m/n/12.045 2-23 
 []


Overfull \hbox (2.80638pt too wide) detected at line 26
\TU/SimSun(0)/b/n/12.045   \T1/ntxtlf/m/n/12.045 2-24 
 []


Overfull \hbox (2.80638pt too wide) detected at line 27
\TU/SimSun(0)/b/n/12.045   \T1/ntxtlf/m/n/12.045 2-25 
 []


Overfull \hbox (2.80638pt too wide) detected at line 28
\TU/SimSun(0)/b/n/12.045   \T1/ntxtlf/m/n/12.045 2-26 
 []


Overfull \hbox (2.80638pt too wide) detected at line 29
\TU/SimSun(0)/b/n/12.045   \T1/ntxtlf/m/n/12.045 2-27 
 []


Overfull \hbox (2.80638pt too wide) detected at line 30
\TU/SimSun(0)/b/n/12.045   \T1/ntxtlf/m/n/12.045 2-28 
 []


Overfull \hbox (2.80638pt too wide) detected at line 31
\TU/SimSun(0)/b/n/12.045   \T1/ntxtlf/m/n/12.045 2-29 
 []


Overfull \hbox (2.80638pt too wide) detected at line 32
\TU/SimSun(0)/b/n/12.045   \T1/ntxtlf/m/n/12.045 2-30 
 []


Overfull \hbox (2.80638pt too wide) detected at line 33
\TU/SimSun(0)/b/n/12.045   \T1/ntxtlf/m/n/12.045 2-31 
 []

[29


]
Overfull \hbox (2.80638pt too wide) detected at line 34
\TU/SimSun(0)/b/n/12.045   \T1/ntxtlf/m/n/12.045 2-32 
 []


Overfull \hbox (2.80638pt too wide) detected at line 35
\TU/SimSun(0)/b/n/12.045   \T1/ntxtlf/m/n/12.045 2-33 
 []


Overfull \hbox (2.80638pt too wide) detected at line 36
\TU/SimSun(0)/b/n/12.045   \T1/ntxtlf/m/n/12.045 2-34 
 []


Overfull \hbox (2.80638pt too wide) detected at line 37
\TU/SimSun(0)/b/n/12.045   \T1/ntxtlf/m/n/12.045 2-35 
 []


Overfull \hbox (2.80638pt too wide) detected at line 38
\TU/SimSun(0)/b/n/12.045   \T1/ntxtlf/m/n/12.045 2-36 
 []


Overfull \hbox (2.80638pt too wide) detected at line 39
\TU/SimSun(0)/b/n/12.045   \T1/ntxtlf/m/n/12.045 2-37 
 []


Overfull \hbox (2.80638pt too wide) detected at line 40
\TU/SimSun(0)/b/n/12.045   \T1/ntxtlf/m/n/12.045 2-38 
 []


Overfull \hbox (2.80638pt too wide) detected at line 41
\TU/SimSun(0)/b/n/12.045   \T1/ntxtlf/m/n/12.045 2-39 
 []


Overfull \hbox (2.80638pt too wide) detected at line 42
\TU/SimSun(0)/b/n/12.045   \T1/ntxtlf/m/n/12.045 2-40 
 []


Overfull \hbox (2.80638pt too wide) detected at line 43
\TU/SimSun(0)/b/n/12.045   \T1/ntxtlf/m/n/12.045 2-41 
 []


Overfull \hbox (2.80638pt too wide) detected at line 44
\TU/SimSun(0)/b/n/12.045   \T1/ntxtlf/m/n/12.045 2-42 
 []


Overfull \hbox (2.80638pt too wide) detected at line 45
\TU/SimSun(0)/b/n/12.045   \T1/ntxtlf/m/n/12.045 2-43 
 []


Overfull \hbox (2.80638pt too wide) detected at line 46
\TU/SimSun(0)/b/n/12.045   \T1/ntxtlf/m/n/12.045 2-44 
 []


Overfull \hbox (2.80638pt too wide) detected at line 47
\TU/SimSun(0)/b/n/12.045   \T1/ntxtlf/m/n/12.045 2-45 
 []


Overfull \hbox (2.80638pt too wide) detected at line 48
\TU/SimSun(0)/b/n/12.045   \T1/ntxtlf/m/n/12.045 2-46 
 []


Overfull \hbox (2.80638pt too wide) detected at line 49
\TU/SimSun(0)/b/n/12.045   \T1/ntxtlf/m/n/12.045 2-47 
 []


Overfull \hbox (2.80638pt too wide) detected at line 50
\TU/SimSun(0)/b/n/12.045   \T1/ntxtlf/m/n/12.045 2-48 
 []


Overfull \hbox (2.80638pt too wide) detected at line 51
\TU/SimSun(0)/b/n/12.045   \T1/ntxtlf/m/n/12.045 2-49 
 []


Overfull \hbox (2.80638pt too wide) detected at line 52
\TU/SimSun(0)/b/n/12.045   \T1/ntxtlf/m/n/12.045 2-50 
 []


Overfull \hbox (2.80638pt too wide) detected at line 53
\TU/SimSun(0)/b/n/12.045   \T1/ntxtlf/m/n/12.045 2-51 
 []


Overfull \hbox (2.80638pt too wide) detected at line 54
\TU/SimSun(0)/b/n/12.045   \T1/ntxtlf/m/n/12.045 2-52 
 []


Overfull \hbox (2.80638pt too wide) detected at line 55
\TU/SimSun(0)/b/n/12.045   \T1/ntxtlf/m/n/12.045 2-53 
 []


Overfull \hbox (2.80638pt too wide) detected at line 56
\TU/SimSun(0)/b/n/12.045   \T1/ntxtlf/m/n/12.045 2-54 
 []


Overfull \hbox (2.80638pt too wide) detected at line 57
\TU/SimSun(0)/b/n/12.045   \T1/ntxtlf/m/n/12.045 2-55 
 []


Overfull \hbox (2.80638pt too wide) detected at line 58
\TU/SimSun(0)/b/n/12.045   \T1/ntxtlf/m/n/12.045 2-56 
 []


Overfull \hbox (2.80638pt too wide) detected at line 59
\TU/SimSun(0)/b/n/12.045   \T1/ntxtlf/m/n/12.045 2-57 
 []


Overfull \hbox (2.80638pt too wide) detected at line 60
\TU/SimSun(0)/b/n/12.045   \T1/ntxtlf/m/n/12.045 2-58 
 []


Overfull \hbox (2.80638pt too wide) detected at line 61
\TU/SimSun(0)/b/n/12.045   \T1/ntxtlf/m/n/12.045 2-59 
 []


Overfull \hbox (2.80638pt too wide) detected at line 62
\TU/SimSun(0)/b/n/12.045   \T1/ntxtlf/m/n/12.045 2-60 
 []


Overfull \hbox (2.80638pt too wide) detected at line 63
\TU/SimSun(0)/b/n/12.045   \T1/ntxtlf/m/n/12.045 2-61 
 []


Overfull \hbox (2.80638pt too wide) detected at line 64
\TU/SimSun(0)/b/n/12.045   \T1/ntxtlf/m/n/12.045 2-62 
 []


Overfull \hbox (2.80638pt too wide) detected at line 65
\TU/SimSun(0)/b/n/12.045   \T1/ntxtlf/m/n/12.045 2-63 
 []


Overfull \hbox (2.80638pt too wide) detected at line 66
\TU/SimSun(0)/b/n/12.045   \T1/ntxtlf/m/n/12.045 2-64 
 []


Overfull \hbox (2.80638pt too wide) detected at line 67
\TU/SimSun(0)/b/n/12.045   \T1/ntxtlf/m/n/12.045 2-65 
 []

[30]
Overfull \hbox (2.80638pt too wide) detected at line 77
\TU/SimSun(0)/b/n/12.045   \T1/ntxtlf/m/n/12.045 3-10 
 []


Overfull \hbox (2.80638pt too wide) detected at line 78
\TU/SimSun(0)/b/n/12.045   \T1/ntxtlf/m/n/12.045 3-11 
 []


Overfull \hbox (2.80638pt too wide) detected at line 79
\TU/SimSun(0)/b/n/12.045   \T1/ntxtlf/m/n/12.045 3-12 
 []


Overfull \hbox (2.80638pt too wide) detected at line 80
\TU/SimSun(0)/b/n/12.045   \T1/ntxtlf/m/n/12.045 3-13 
 []


Overfull \hbox (2.80638pt too wide) detected at line 81
\TU/SimSun(0)/b/n/12.045   \T1/ntxtlf/m/n/12.045 3-14 
 []


Overfull \hbox (2.80638pt too wide) detected at line 82
\TU/SimSun(0)/b/n/12.045   \T1/ntxtlf/m/n/12.045 3-15 
 []


Overfull \hbox (2.80638pt too wide) detected at line 83
\TU/SimSun(0)/b/n/12.045   \T1/ntxtlf/m/n/12.045 3-16 
 []


Overfull \hbox (2.80638pt too wide) detected at line 84
\TU/SimSun(0)/b/n/12.045   \T1/ntxtlf/m/n/12.045 3-17 
 []


Overfull \hbox (2.80638pt too wide) detected at line 85
\TU/SimSun(0)/b/n/12.045   \T1/ntxtlf/m/n/12.045 3-18 
 []


Overfull \hbox (2.80638pt too wide) detected at line 86
\TU/SimSun(0)/b/n/12.045   \T1/ntxtlf/m/n/12.045 3-19 
 []


Overfull \hbox (2.80638pt too wide) detected at line 87
\TU/SimSun(0)/b/n/12.045   \T1/ntxtlf/m/n/12.045 3-20 
 []


Overfull \hbox (2.80638pt too wide) detected at line 88
\TU/SimSun(0)/b/n/12.045   \T1/ntxtlf/m/n/12.045 3-21 
 []


Overfull \hbox (2.80638pt too wide) detected at line 89
\TU/SimSun(0)/b/n/12.045   \T1/ntxtlf/m/n/12.045 3-22 
 []


Overfull \hbox (2.80638pt too wide) detected at line 90
\TU/SimSun(0)/b/n/12.045   \T1/ntxtlf/m/n/12.045 3-23 
 []


Overfull \hbox (2.80638pt too wide) detected at line 91
\TU/SimSun(0)/b/n/12.045   \T1/ntxtlf/m/n/12.045 3-24 
 []


Overfull \hbox (2.80638pt too wide) detected at line 92
\TU/SimSun(0)/b/n/12.045   \T1/ntxtlf/m/n/12.045 3-25 
 []


Overfull \hbox (2.80638pt too wide) detected at line 93
\TU/SimSun(0)/b/n/12.045   \T1/ntxtlf/m/n/12.045 3-26 
 []


Overfull \hbox (2.80638pt too wide) detected at line 94
\TU/SimSun(0)/b/n/12.045   \T1/ntxtlf/m/n/12.045 3-27 
 []


Overfull \hbox (2.80638pt too wide) detected at line 95
\TU/SimSun(0)/b/n/12.045   \T1/ntxtlf/m/n/12.045 3-28 
 []


Overfull \hbox (2.80638pt too wide) detected at line 96
\TU/SimSun(0)/b/n/12.045   \T1/ntxtlf/m/n/12.045 3-29 
 []


Overfull \hbox (2.80638pt too wide) detected at line 97
\TU/SimSun(0)/b/n/12.045   \T1/ntxtlf/m/n/12.045 3-30 
 []


Overfull \hbox (2.80638pt too wide) detected at line 98
\TU/SimSun(0)/b/n/12.045   \T1/ntxtlf/m/n/12.045 3-31 
 []


Overfull \hbox (2.80638pt too wide) detected at line 99
\TU/SimSun(0)/b/n/12.045   \T1/ntxtlf/m/n/12.045 3-32 
 []


Overfull \hbox (2.80638pt too wide) detected at line 100
\TU/SimSun(0)/b/n/12.045   \T1/ntxtlf/m/n/12.045 3-33 
 []


Overfull \hbox (2.80638pt too wide) detected at line 101
\TU/SimSun(0)/b/n/12.045   \T1/ntxtlf/m/n/12.045 3-34 
 []


Overfull \hbox (2.80638pt too wide) detected at line 102
\TU/SimSun(0)/b/n/12.045   \T1/ntxtlf/m/n/12.045 3-35 
 []


Overfull \hbox (2.80638pt too wide) detected at line 103
\TU/SimSun(0)/b/n/12.045   \T1/ntxtlf/m/n/12.045 3-36 
 []


Overfull \hbox (2.80638pt too wide) detected at line 104
\TU/SimSun(0)/b/n/12.045   \T1/ntxtlf/m/n/12.045 3-37 
 []


Overfull \hbox (2.80638pt too wide) detected at line 105
\TU/SimSun(0)/b/n/12.045   \T1/ntxtlf/m/n/12.045 3-38 
 []

[31]
Overfull \hbox (2.80638pt too wide) detected at line 106
\TU/SimSun(0)/b/n/12.045   \T1/ntxtlf/m/n/12.045 3-39 
 []


Overfull \hbox (2.80638pt too wide) detected at line 107
\TU/SimSun(0)/b/n/12.045   \T1/ntxtlf/m/n/12.045 3-40 
 []


Overfull \hbox (2.80638pt too wide) detected at line 108
\TU/SimSun(0)/b/n/12.045   \T1/ntxtlf/m/n/12.045 3-41 
 []


Overfull \hbox (2.80638pt too wide) detected at line 109
\TU/SimSun(0)/b/n/12.045   \T1/ntxtlf/m/n/12.045 3-42 
 []


Overfull \hbox (2.80638pt too wide) detected at line 110
\TU/SimSun(0)/b/n/12.045   \T1/ntxtlf/m/n/12.045 3-43 
 []


Overfull \hbox (2.80638pt too wide) detected at line 111
\TU/SimSun(0)/b/n/12.045   \T1/ntxtlf/m/n/12.045 3-44 
 []


Overfull \hbox (2.80638pt too wide) detected at line 112
\TU/SimSun(0)/b/n/12.045   \T1/ntxtlf/m/n/12.045 3-45 
 []


Overfull \hbox (2.80638pt too wide) detected at line 113
\TU/SimSun(0)/b/n/12.045   \T1/ntxtlf/m/n/12.045 3-46 
 []


Overfull \hbox (2.80638pt too wide) detected at line 114
\TU/SimSun(0)/b/n/12.045   \T1/ntxtlf/m/n/12.045 3-47 
 []


Overfull \hbox (2.80638pt too wide) detected at line 115
\TU/SimSun(0)/b/n/12.045   \T1/ntxtlf/m/n/12.045 3-48 
 []


Overfull \hbox (2.80638pt too wide) detected at line 116
\TU/SimSun(0)/b/n/12.045   \T1/ntxtlf/m/n/12.045 3-49 
 []


Overfull \hbox (2.80638pt too wide) detected at line 117
\TU/SimSun(0)/b/n/12.045   \T1/ntxtlf/m/n/12.045 3-50 
 []


Overfull \hbox (2.80638pt too wide) detected at line 118
\TU/SimSun(0)/b/n/12.045   \T1/ntxtlf/m/n/12.045 3-51 
 []


Overfull \hbox (2.80638pt too wide) detected at line 119
\TU/SimSun(0)/b/n/12.045   \T1/ntxtlf/m/n/12.045 3-52 
 []


Overfull \hbox (2.80638pt too wide) detected at line 120
\TU/SimSun(0)/b/n/12.045   \T1/ntxtlf/m/n/12.045 3-53 
 []


Overfull \hbox (2.80638pt too wide) detected at line 121
\TU/SimSun(0)/b/n/12.045   \T1/ntxtlf/m/n/12.045 3-54 
 []


Overfull \hbox (2.80638pt too wide) detected at line 122
\TU/SimSun(0)/b/n/12.045   \T1/ntxtlf/m/n/12.045 3-55 
 []

)
\tf@loe=\write7
\openout7 = `main.loe'.

 (./main.bbl [32]
LaTeX Font Info:    Font shape `T1/ntxtlf/m/n' will be
(Font)              scaled to size 10.53937pt on input line 1.
 [33


]
Missing character: There is no  in font ntx-Regular-tlf-t1!
LaTeX Font Info:    Font shape `OT1/ntxtlf/m/n' will be
(Font)              scaled to size 7.0pt on input line 214.
LaTeX Font Info:    Font shape `OT1/ntxtlf/b/n' will be
(Font)              scaled to size 7.0pt on input line 214.
 [34]) [35]
\openout2 = `data/ack.aux'.

 (./data/ack.tex
LaTeX Font Info:    Font shape `T1/ntxtlf/m/sc' will be
(Font)              scaled to size 12.045pt on input line 11.
LaTeX Font Info:    Font shape `T1/ntxtlf/b/n' will be
(Font)              scaled to size 8.0pt on input line 11.


Package natbib Warning: Citation `bnuthesis' on page 36 undefined on input line 11.

) [36



]
File: figures/scan-record.pdf Graphic file (type pdf)
<use figures/scan-record.pdf>
File: figures/scan-record.pdf Graphic file (type pdf)
<use figures/scan-record.pdf>
File: figures/scan-record.pdf Graphic file (type pdf)
<use figures/scan-record.pdf, page 1>
File: figures/scan-record.pdf Graphic file (type pdf)
<use figures/scan-record.pdf, page 1>
File: figures/scan-record.pdf Graphic file (type pdf)
<use figures/scan-record.pdf, page 1>
File: figures/scan-record.pdf Graphic file (type pdf)
<use figures/scan-record.pdf, page 1>
File: figures/scan-record.pdf Graphic file (type pdf)
<use figures/scan-record.pdf, page 1>
 [37

]
File: figures/scan-record.pdf Graphic file (type pdf)
<use figures/scan-record.pdf, page 2>
File: figures/scan-record.pdf Graphic file (type pdf)
<use figures/scan-record.pdf, page 2>
File: figures/scan-record.pdf Graphic file (type pdf)
<use figures/scan-record.pdf, page 2>
 [38]
\tf@thm=\write8
\openout8 = `main.thm'.



Package natbib Warning: There were undefined citations.

Package atveryend Info: Empty hook `BeforeClearDocument' on input line 78.
Package atveryend Info: Empty hook `AfterLastShipout' on input line 78.
(./main.aux (./data/chap01.aux) (./data/chap02.aux) (./data/chap03.aux) (./data/ack.aux))
Package atveryend Info: Empty hook `AtVeryEndDocument' on input line 78.
Package atveryend Info: Executing hook `AtEndAfterFileList' on input line 78.
Package rerunfilecheck Info: File `main.out' has not changed.
(rerunfilecheck)             Checksum: 1DE5C838BBEDF7438E78B9A5B25EC4DC;5036.


LaTeX Font Warning: Some font shapes were not available, defaults substituted.

 ) 
Here is how much of TeX's memory you used:
 25277 strings out of 479418
 510461 string characters out of 5881946
 777749 words of memory out of 5000000
 42293 multiletter control sequences out of 15000+600000
 671652 words of font info for 227 fonts, out of 8000000 for 9000
 1349 hyphenation exceptions out of 8191
 70i,20n,104p,2527b,651s stack positions out of 5000i,500n,10000p,200000b,80000s

Output written on main.pdf (45 pages).
