\BOOKMARK [-1][]{ctitle.-1}{\376\377\173\111\156\051\143\167\137\204\116\016\176\335\160\355\143\167\137\204\147\204\142\020\166\204\174\173\123\141\213\372\137\252\163\257\160\355\147\072\166\204\122\237\163\207\116\016\145\110\163\207}{}% 1
\BOOKMARK [0][]{bnuchapter.1.0}{\376\377\000-\0001\000c\000m\173\111\156\051\143\167\137\204\116\016\176\335\160\355\143\167\137\204\147\204\142\020\166\204\174\173\123\141\213\372\137\252\163\257\160\355\147\072\166\204\122\237\163\207\116\016\145\110\163\207\000\040\0001\000c\000m\000\040\144\130\000\040\211\201}{ctitle.-1}% 2
\BOOKMARK [0][]{bnuchapter.2.0}{\376\377\000-\0001\000c\000m\000F\000i\000n\000i\000t\000e\000\040\000T\000i\000m\000e\000\040\000T\000h\000e\000r\000m\000o\000d\000y\000n\000a\000m\000i\000c\000s\000\040\0001\000c\000m\000\040\000A\000B\000S\000T\000R\000A\000C\000T}{ctitle.-1}% 3
\BOOKMARK [0][]{bnuchapter.3.0}{\376\377\166\356\000\040\137\125}{ctitle.-1}% 4
\BOOKMARK [0][]{bnuchapter.4.0}{\376\377\116\073\211\201\173\046\123\367\133\371\161\147\210\150}{ctitle.-1}% 5
\BOOKMARK [0][]{chapter.1}{\376\377\173\054\0001\172\340\000\040\176\352\213\272\377\032\116\316\176\317\121\170\160\355\122\233\133\146\122\060\226\217\147\072\160\355\122\233\133\146}{ctitle.-1}% 6
\BOOKMARK [1][-]{section.1.1}{\376\377\0001\000.\0001\000\040\137\025\212\000\377\032\160\355\147\072\166\204\147\000\131\047\122\237\163\207\116\016\145\110\163\207\225\356\230\230}{chapter.1}% 7
\BOOKMARK [1][-]{section.1.2}{\376\377\0001\000.\0002\000\040\176\317\121\170\160\355\122\233\133\146}{chapter.1}% 8
\BOOKMARK [2][-]{subsection.1.2.1}{\376\377\0001\000.\0002\000.\0001\000\040\176\317\121\170\160\355\122\233\133\146\173\200\123\362}{section.1.2}% 9
\BOOKMARK [2][-]{subsection.1.2.2}{\376\377\0001\000.\0002\000.\0002\000\040\176\317\121\170\160\355\122\233\133\146\166\204\127\372\147\054\151\202\137\365}{section.1.2}% 10
\BOOKMARK [2][-]{subsection.1.2.3}{\376\377\0001\000.\0002\000.\0003\000\040\160\355\122\233\133\146\127\372\147\054\133\232\137\213}{section.1.2}% 11
\BOOKMARK [1][-]{section.1.3}{\376\377\0001\000.\0003\000\040\226\217\147\072\160\355\122\233\133\146}{chapter.1}% 12
\BOOKMARK [2][-]{subsection.1.3.1}{\376\377\0001\000.\0003\000.\0001\000\040\226\217\147\072\122\250\122\233\133\146}{section.1.3}% 13
\BOOKMARK [2][-]{subsection.1.3.2}{\376\377\0001\000.\0003\000.\0002\000\040\226\217\147\072\200\375\221\317\133\146}{section.1.3}% 14
\BOOKMARK [0][]{chapter.2}{\376\377\173\054\0002\172\340\000\040\226\217\147\072\160\355\147\072\123\312\176\335\160\355\143\167\137\204\124\214\173\111\156\051\143\167\137\204}{ctitle.-1}% 15
\BOOKMARK [1][-]{section.2.1}{\376\377\0002\000.\0001\000\040\226\217\147\072\160\355\147\072\152\041\127\213}{chapter.2}% 16
\BOOKMARK [2][-]{subsection.2.1.1}{\376\377\0002\000.\0001\000.\0001\000\040\123\141\213\372\160\355\147\072\152\041\127\213}{section.2.1}% 17
\BOOKMARK [2][-]{subsection.2.1.2}{\376\377\0002\000.\0001\000.\0002\000\040\121\205\123\357\220\006\160\355\147\072\152\041\127\213}{section.2.1}% 18
\BOOKMARK [2][-]{subsection.2.1.3}{\376\377\0002\000.\0001\000.\0003\000\040\137\256\211\302\226\217\147\072\160\355\147\072\152\041\127\213}{section.2.1}% 19
\BOOKMARK [1][-]{section.2.2}{\376\377\0002\000.\0002\000\040\176\335\160\355\143\167\137\204}{chapter.2}% 20
\BOOKMARK [2][-]{subsection.2.2.1}{\376\377\0002\000.\0002\000.\0001\000\040\176\335\160\355\143\167\137\204\166\204\133\236\163\260}{section.2.2}% 21
\BOOKMARK [2][-]{subsection.2.2.2}{\376\377\0002\000.\0002\000.\0002\000\040\176\317\121\170\124\214\221\317\133\120\140\305\137\142\116\013\120\166\153\041\136\102\122\277\127\072\116\055\165\037\142\020\121\103\166\204\147\204\220\040}{section.2.2}% 22
\BOOKMARK [2][-]{subsection.2.2.3}{\376\377\0002\000.\0002\000.\0003\000\040\122\051\165\050\176\335\160\355\143\167\137\204\133\236\163\260\136\163\210\141\140\001\166\204\217\154\123\026}{section.2.2}% 23
\BOOKMARK [1][-]{section.2.3}{\376\377\0002\000.\0003\000\040\173\111\156\051\143\167\137\204}{chapter.2}% 24
\BOOKMARK [2][-]{subsection.2.3.1}{\376\377\0002\000.\0003\000.\0001\000\040\173\111\156\051\143\167\137\204\166\204\133\236\163\260}{section.2.3}% 25
\BOOKMARK [2][-]{subsection.2.3.2}{\376\377\0002\000.\0003\000.\0002\000\040\173\111\156\051\143\167\137\204\136\224\165\050\116\216\217\307\226\073\134\074\136\003\147\027\174\222\133\120}{section.2.3}% 26
\BOOKMARK [2][-]{subsection.2.3.3}{\376\377\0002\000.\0003\000.\0003\000\040\173\111\156\051\143\167\137\204\136\224\165\050\116\216\153\040\226\073\134\074\136\003\147\027\174\222\133\120}{section.2.3}% 27
\BOOKMARK [0][]{chapter.3}{\376\377\173\054\0003\172\340\000\040\176\335\160\355\143\167\137\204\116\016\173\111\156\051\143\167\137\204\147\204\142\020\166\204\174\173\123\141\213\372\137\252\163\257\160\355\147\072}{ctitle.-1}% 28
\BOOKMARK [1][-]{section.3.1}{\376\377\0003\000.\0001\000\040\136\003\147\027\174\222\133\120\166\204\200\375\221\317\133\146}{chapter.3}% 29
\BOOKMARK [2][-]{subsection.3.1.1}{\376\377\0003\000.\0001\000.\0001\000\040\217\307\226\073\134\074\136\003\147\027\174\222\133\120\166\204\200\375\221\317\133\146}{section.3.1}% 30
\BOOKMARK [2][-]{subsection.3.1.2}{\376\377\0003\000.\0001\000.\0002\000\040\153\040\226\073\134\074\136\003\147\027\174\222\133\120\166\204\200\375\221\317\133\146}{section.3.1}% 31
\BOOKMARK [1][-]{section.3.2}{\376\377\0003\000.\0002\000\040\174\173\123\141\213\372\137\252\163\257\160\355\147\072\152\041\127\213}{chapter.3}% 32
\BOOKMARK [2][-]{subsection.3.2.1}{\376\377\0003\000.\0002\000.\0001\000\040\217\307\226\073\134\074\136\003\147\027\174\222\133\120\147\204\142\020\166\204\174\173\123\141\213\372\137\252\163\257\160\355\147\072}{section.3.2}% 33
\BOOKMARK [2][-]{subsection.3.2.2}{\376\377\0003\000.\0002\000.\0002\000\040\153\040\226\073\134\074\136\003\147\027\174\222\133\120\147\204\142\020\166\204\174\173\123\141\213\372\137\252\163\257\160\355\147\072}{section.3.2}% 34
\BOOKMARK [0][]{chapter.4}{\376\377\173\054\0004\172\340\000\040\140\073\176\323\116\016\134\125\147\033}{ctitle.-1}% 35
\BOOKMARK [0][]{section*.17}{\376\377\123\302\200\003\145\207\163\056}{ctitle.-1}% 36
\BOOKMARK [0][]{section*.19}{\376\377\201\364\000\040\214\042}{ctitle.-1}% 37
